# num parameter s samples = 109
0.429891 -0.557007
0.859781 -0.571113
1.5065 -0.719004
2.44172 -1.00145
3.44847 -1.36577
4.25941 -1.7026
5.19416 -1.85538
7.14294 -1.6921
8.20548 -1.21975
8.69952 -0.631108
9.18741 -0.223825
9.66575 -0.244135
10.3013 -0.747082
11.2678 -1.55316
12.1705 -2.34188
13.182 -2.82094
14.3252 -2.84085
15.4855 -2.4053
17.1525 -1.64062
18.0127 -0.774605
18.3065 -0.0975394
18.6003 0.129671
18.894 -0.200309
19.3801 -0.958303
19.9747 -1.8155
21.344 -2.4069
22.9873 -2.52409
24.3107 -2.2107
25.028 -1.70584
25.2762 -1.28187
25.5245 -1.08765
25.7728 -1.09706
26.0178 -1.17485
26.2276 -1.18823
26.4375 -1.08377
26.6474 -0.899928
26.8572 -0.732188
27.1049 -0.68188
27.4332 -0.810621
27.7614 -1.11047
28.1846 -1.4945
28.8604 -1.81772
29.9475 -1.93879
30.7289 -1.802
31.2712 -1.48277
31.6922 -1.15646
32.1144 -1.00702
32.5402 -1.12338
32.9659 -1.43753
33.9904 -1.75838
36.1247 -1.90423
36.9385 -1.83229
37.4816 -1.64009
38.005 -1.44006
38.9733 -1.24318
39.8661 -0.970205
40.5876 -0.570863
41.1159 -0.128165
41.4029 0.15915
41.6899 0.109113
41.9769 -0.316341
42.4539 -0.9894
42.9474 -1.68082
43.5001 -2.15042
44.1398 -2.24228
45.3216 -1.95769
46.1784 -1.44167
46.8224 -0.873925
47.3146 -0.372899
47.749 -0.00681444
48.1744 0.149097
48.5875 0.0250721
49.0009 -0.36273
49.6274 -0.873547
50.3084 -1.30609
51.1149 -1.49759
52.6762 -1.3793
54.911 -1.0003
55.3722 -0.522152
55.7664 -0.137699
56.0934 0.0449937
56.3226 0.0408066
56.5518 -0.0681991
56.781 -0.207935
57.0158 -0.357591
57.3699 -0.550755
57.7239 -0.823421
58.1588 -1.1407
58.8804 -1.38634
59.9674 -1.45006
60.4074 -1.32742
60.8267 -1.12943
61.2254 -1.00375
61.6097 -1.03928
61.994 -1.21057
62.6902 -1.38902
63.6498 -1.42874
64.4991 -1.28355
65.1468 -1.05753
65.639 -0.926704
66.1925 -0.995185
66.9143 -1.22005
67.7304 -1.45792
68.8658 -1.56627
70.2976 -1.48326
71.2485 -1.25551
72.4157 -0.99408
74.2497 -0.78288
75 -0.637747
# num parameter s samples = 109
0.430592 -0.406749
0.861183 -0.418143
1.51018 -0.519755
2.4501 -0.708779
3.45493 -0.947445
4.26776 -1.16279
5.21095 -1.25288
7.16208 -1.13329
8.21273 -0.81104
8.70758 -0.414594
9.19599 -0.142594
9.67511 -0.163738
10.3225 -0.522435
11.288 -1.10324
12.1943 -1.68796
13.2145 -2.06864
14.3514 -2.12684
15.5352 -1.8448
17.18 -1.29635
18.0223 -0.647616
18.3166 -0.131654
18.6108 0.0366686
18.905 -0.223945
19.4034 -0.788792
19.999 -1.36178
21.415 -1.6187
23.0612 -1.3833
24.8481 -0.730901
26.0122 0.0515618
26.3336 0.640007
26.6551 0.87316
26.9765 0.830761
27.561 0.727964
28.0766 0.717104
28.3556 0.776217
28.6346 0.774167
28.9136 0.614544
29.5011 0.302117
30.1455 -0.101285
30.6104 -0.537049
31.1097 -0.950382
31.7865 -1.26487
32.819 -1.39877
33.6481 -1.32183
34.2273 -1.09497
34.649 -0.852214
35.0714 -0.735372
35.4979 -0.817631
35.9243 -1.05426
36.8868 -1.30062
39.0478 -1.40802
39.8629 -1.33009
40.4341 -1.1393
40.956 -0.938682
41.8881 -0.764363
42.7891 -0.575395
43.5289 -0.329381
44.092 -0.0628675
44.3795 0.104427
44.667 0.0518909
44.9545 -0.250656
45.416 -0.722466
45.9104 -1.21692
46.459 -1.58173
47.0459 -1.71126
48.2559 -1.58408
49.1343 -1.26373
49.7794 -0.853728
50.2863 -0.448773
50.7213 -0.126892
51.1488 0.0391317
51.5626 0.00135907
51.9764 -0.218144
52.5916 -0.517872
53.2662 -0.770954
54.0475 -0.887348
55.556 -0.83191
57.8308 -0.625738
58.3529 -0.351023
58.7478 -0.117891
59.0829 0.00259368
59.3125 0.00882285
59.5421 -0.0586628
59.7717 -0.159829
60.002 -0.28188
60.3566 -0.440537
60.7112 -0.649446
61.1341 -0.876714
61.8569 -1.0412
62.9315 -1.07088
63.3951 -0.96843
63.815 -0.816121
64.2154 -0.72005
64.6003 -0.742895
64.9853 -0.864924
65.6753 -0.992696
66.627 -1.02062
67.4863 -0.914867
68.1387 -0.750216
68.6318 -0.654236
69.1831 -0.703037
69.9061 -0.866011
70.7223 -1.0393
71.8553 -1.11959
73.2915 -1.06198
74.2439 -0.899836
75.4094 -0.713205
77.2485 -0.563108
78 -0.46154
