
# spline samples = 109
0.42989 0 0.42989
0.85978 0 0.42989
0.5065 1 0.64672
0.44172 2 0.93521
0.44847 3 1.0068
0.25941 4 0.81095
0.19416 5 0.93474
0.14294 7 1.9488
0.20548 8 1.0625
0.69952 8 0.49404
0.18741 9 0.48789
0.66575 9 0.47834
0.3013 10 0.63556
0.26777 11 0.96647
0.17051 12 0.90274
0.18202 13 1.0115
0.32517 14 1.1431
0.48547 15 1.1603
0.15253 17 1.6671
0.012743 18 0.86021
0.3065 18 0.29375
0.60025 18 0.29375
0.894 18 0.29375
0.38009 19 0.48608
0.97475 19 0.59466
0.34404 21 1.3693
0.98735 22 1.6433
0.31069 24 1.3233
0.027987 25 0.7173
0.27625 25 0.24826
0.52451 25 0.24826
0.77278 25 0.24826
0.017784 26 0.24501
0.22764 26 0.20986
0.4375 26 0.20986
0.64736 26 0.20986
0.85722 26 0.20986
0.10493 27 0.2477
0.43318 27 0.32825
0.76143 27 0.32825
0.18462 28 0.42319
0.86036 28 0.67574
0.94749 29 1.0871
0.72887 30 0.78138
0.27125 31 0.54238
0.6922 31 0.42095
0.11444 32 0.42224
0.54019 32 0.42575
0.96594 32 0.42575
0.99039 33 1.0244
0.12473 36 2.1343
0.93849 36 0.81376
0.48165 37 0.54316
0.0049821 38 0.52333
0.97334 38 0.96835
0.86607 39 0.89273
0.58758 40 0.72152
0.11586 41 0.52828
0.40288 41 0.28702
0.6899 41 0.28702
0.97693 41 0.28702
0.45386 42 0.47693
0.9474 42 0.49354
0.50006 43 0.55266
0.13978 44 0.63973
0.32165 45 1.1819
0.17838 46 0.85673
0.82245 46 0.64407
0.31461 47 0.49217
0.74897 47 0.43435
0.17436 48 0.42539
0.58748 48 0.41312
0.00091113 49 0.41343
0.62735 49 0.62644
0.30845 50 0.6811
0.11487 51 0.80642
0.67618 52 1.5613
0.91102 54 2.2348
0.37216 55 0.46114
0.7664 55 0.39425
0.093401 56 0.327
0.32261 56 0.22921
0.55182 56 0.22921
0.78104 56 0.22921
0.01583 57 0.23479
0.36985 57 0.35402
0.72388 57 0.35402
0.15878 58 0.43491
0.88039 58 0.7216
0.96737 59 1.087
0.40743 60 0.44006
0.82666 60 0.41923
0.22541 61 0.39875
0.60972 61 0.38431
0.99404 61 0.38431
0.69018 62 0.69614
0.64979 63 0.95961
0.49905 64 0.84927
0.14676 65 0.6477
0.63903 65 0.49227
0.19253 66 0.5535
0.91433 66 0.7218
0.73039 67 0.81605
0.86575 68 1.1354
0.29765 70 1.4319
0.24854 71 0.95089
0.41574 72 1.1672
0.24972 74 1.834
1 74 0.75028

# spline samples = 109
0.43059 0 0.43059
0.86118 0 0.43059
0.51018 1 0.649
0.4501 2 0.93992
0.45493 3 1.0048
0.26776 4 0.81283
0.21095 5 0.94319
0.16208 7 1.9511
0.21273 8 1.0507
0.70758 8 0.49485
0.19599 9 0.48841
0.67511 9 0.47912
0.32251 10 0.6474
0.28805 11 0.96554
0.19427 12 0.90622
0.21454 13 1.0203
0.35138 14 1.1368
0.53523 15 1.1839
0.17998 17 1.6447
0.022322 18 0.84234
0.31655 18 0.29423
0.61079 18 0.29423
0.90502 18 0.29423
0.40336 19 0.49834
0.99899 19 0.59563
0.41497 21 1.416
0.061168 23 1.6462
0.84812 24 1.7869
0.012187 26 1.1641
0.33363 26 0.32144
0.65507 26 0.32144
0.97652 26 0.32144
0.561 27 0.58448
0.076616 28 0.51562
0.35559 28 0.27898
0.63457 28 0.27898
0.91355 28 0.27898
0.5011 29 0.58755
0.14548 30 0.64438
0.61042 30 0.46494
0.1097 31 0.49928
0.78654 31 0.67684
0.81897 32 1.0324
0.64807 33 0.8291
0.22732 34 0.57925
0.64896 34 0.42164
0.071405 35 0.42244
0.49785 35 0.42644
0.9243 35 0.42644
0.88683 36 0.96254
0.04778 39 2.1609
0.86286 39 0.81508
0.43408 40 0.57121
0.95596 40 0.52188
0.88808 41 0.93212
0.78911 42 0.90103
0.52895 43 0.73984
0.091995 44 0.56305
0.37948 44 0.28749
0.66697 44 0.28749
0.95446 44 0.28749
0.41604 45 0.46158
0.91038 45 0.49434
0.45899 46 0.54861
0.045876 47 0.58688
0.25587 48 1.21
0.13428 49 0.8784
0.77939 49 0.64512
0.28629 50 0.50689
0.72135 50 0.43506
0.14876 51 0.42742
0.56256 51 0.41379
0.97635 51 0.41379
0.5916 52 0.61525
0.26624 53 0.67464
0.04745 54 0.78121
0.55602 55 1.5086
0.83075 57 2.2747
0.35287 58 0.52212
0.74776 58 0.39489
0.082937 59 0.33517
0.31252 59 0.22959
0.54211 59 0.22959
0.77169 59 0.22959
0.0019766 60 0.23028
0.35658 60 0.3546
0.71118 60 0.3546
0.13407 61 0.4229
0.85686 61 0.72278
0.93145 62 1.0746
0.39513 63 0.46368
0.81504 63 0.41991
0.21538 64 0.40034
0.60032 64 0.38494
0.98527 64 0.38494
0.67532 65 0.69005
0.62701 66 0.95169
0.48625 67 0.85925
0.13873 68 0.65248
0.63181 68 0.49308
0.18312 69 0.55131
0.9061 69 0.72298
0.72228 70 0.81618
0.85529 71 1.133
0.29146 73 1.4362
0.24387 74 0.95241
0.40936 75 1.1655
0.24849 77 1.8391
1 77 0.75151

# spline samples = 109
0.43444 0 0.43444
0.853 0 0.41856
0.4078 1 0.5548
0.48987 2 1.0821
0.50355 3 1.0137
0.24964 4 0.74609
0.17987 5 0.93023
0.34332 7 2.1634
0.28253 8 0.9392
0.75567 8 0.47315
0.17739 9 0.42171
0.62245 9 0.44506
0.24573 10 0.62328
0.30172 11 1.056
0.18335 12 0.88163
0.21032 13 1.027
0.35763 14 1.1473
0.44278 15 1.0851
0.3617 17 1.9189
0.024799 18 0.6631
0.33876 18 0.31396
0.60826 18 0.2695
0.88783 18 0.27956
0.25654 19 0.36871
0.96828 19 0.71174
0.37162 21 1.4033
0.029891 23 1.6583
0.77172 24 1.7418
0.016576 26 1.2449
0.35115 26 0.33458
0.63893 26 0.28777
0.96819 26 0.32926
0.61719 27 0.649
0.094319 28 0.47712
0.3704 28 0.27608
0.61933 28 0.24893
0.89265 28 0.27332
0.35717 29 0.46452
0.17888 30 0.82172
0.62937 30 0.45049
0.0705 31 0.44113
0.69677 31 0.62627
0.81284 32 1.1161
0.71959 33 0.90676
0.25925 34 0.53966
0.67693 34 0.41768
0.058341 35 0.38141
0.44255 35 0.38421
0.89017 35 0.44761
0.75615 36 0.86598
0.04936 39 2.2932
0.88754 39 0.83818
0.40869 40 0.52115
0.92626 40 0.51757
0.8363 41 0.91004
0.74628 42 0.90998
0.65277 43 0.90649
0.097188 44 0.44441
0.38787 44 0.29068
0.65269 44 0.26482
0.93725 44 0.28456
0.31992 45 0.38268
0.87905 45 0.55912
0.41606 46 0.53702
0.016777 47 0.60071
0.54663 48 1.5298
0.31275 49 0.76613
0.91609 49 0.60334
0.38753 50 0.47144
0.79642 50 0.40889
0.17994 51 0.38352
0.56916 51 0.38922
0.0059223 52 0.43676
0.5777 52 0.57178
0.27975 53 0.70204
0.061415 54 0.78167
0.51785 55 1.4564
0.9286 57 2.4108
0.4787 58 0.5501
0.82374 58 0.34503
0.091482 59 0.26775
0.32355 59 0.23206
0.54326 59 0.21972
0.76559 59 0.22232
0.0057859 60 0.2402
0.2886 60 0.28281
0.64222 60 0.35362
0.10829 61 0.46608
0.80744 61 0.69914
0.97429 62 1.1668
0.47349 63 0.4992
0.8494 63 0.37591
0.20159 64 0.35219
0.56557 64 0.36398
0.98386 64 0.41828
0.58331 65 0.59946
0.63824 66 1.0549
0.56652 67 0.92828
0.14375 68 0.57723
0.61867 68 0.47492
0.14536 69 0.52669
0.88532 69 0.73996
0.68756 70 0.80224
0.78066 71 1.0931
0.33406 73 1.5534
0.21087 74 0.87681
0.26993 75 1.0591
0.37326 77 2.1033
1 77 0.62674
