# num spline points = 109
5.62648 5.6034
5.63916 5.59226
5.65198 5.58132
5.66512 5.57077
5.67644 5.55833
5.68724 5.54548
5.69827 5.53278
5.70511 5.51747
5.7095 5.50129
5.71216 5.48477
5.71519 5.46834
5.71876 5.45204
5.72214 5.43572
5.72723 5.41987
5.73931 5.40842
5.75594 5.40738
5.77084 5.41482
5.78341 5.42576
5.79092 5.44064
5.79532 5.45672
5.79832 5.47314
5.80104 5.48964
5.80362 5.50619
5.80611 5.52281
5.80925 5.53933
5.81568 5.55489
5.82009 5.57114
5.82426 5.58747
5.82617 5.60419
5.82669 5.62101
5.82722 5.63778
5.82774 5.65453
5.83009 5.67113
5.83888 5.68545
5.84797 5.69955
5.85706 5.71363
5.86615 5.72771
5.87528 5.74178
5.88583 5.75481
5.89692 5.7674
5.90831 5.77971
5.92027 5.79149
5.92998 5.80517
5.93395 5.8215
5.93985 5.83723
5.94733 5.85227
5.95579 5.86676
5.96501 5.88077
5.9746 5.89451
5.98345 5.90871
5.98925 5.9244
5.99138 5.94102
5.99527 5.9573
6.00001 5.97336
6.00521 5.98928
6.01332 6.00393
6.02051 6.01907
6.02444 6.03539
6.02784 6.05183
6.03125 6.0683
6.03492 6.0848
6.03936 6.10109
6.0443 6.11723
6.04695 6.13392
6.04666 6.15083
6.03079 6.152
6.01868 6.14115
6.00635 6.13046
5.99311 6.12091
5.97935 6.11207
5.96531 6.10363
5.95101 6.09534
5.93667 6.08707
5.92266 6.07834
5.91019 6.06737
5.89983 6.05442
5.88954 6.04142
5.88082 6.02721
5.87307 6.01249
5.86523 5.99765
5.85702 5.98301
5.84847 5.9685
5.83965 5.95413
5.83053 5.9399
5.82103 5.92592
5.811 5.91238
5.80039 5.89929
5.78968 5.88634
5.78018 5.87249
5.77219 5.85772
5.76195 5.84441
5.75097 5.83176
5.7393 5.81976
5.72701 5.80838
5.71426 5.79751
5.70103 5.78721
5.68698 5.77802
5.67497 5.76632
5.66495 5.75285
5.65556 5.73896
5.64606 5.72516
5.63541 5.71224
5.62315 5.70084
5.61016 5.69031
5.6011 5.67632
5.59821 5.65987
5.59781 5.6432
5.6031 5.62744
5.61415 5.61497
