# num spline points = 109
5.64315 5.58883
5.66031 5.57453
5.67011 5.56595
5.68359 5.54961
5.69667 5.53491
5.70238 5.5251
5.70402 5.51938
5.7081 5.50876
5.71382 5.47527
5.72118 5.44095
5.72485 5.42461
5.73629 5.40991
5.75303 5.40705
5.7657 5.41113
5.77959 5.42216
5.78612 5.42952
5.78939 5.43768
5.79511 5.45566
5.80451 5.51203
5.80941 5.53981
5.81471 5.55124
5.81676 5.56105
5.82002 5.57085
5.82166 5.58065
5.82492 5.58882
5.82615 5.60353
5.82778 5.65582
5.83636 5.68155
5.86904 5.7322
5.88252 5.75099
5.90662 5.77795
5.92419 5.79551
5.93072 5.80777
5.93644 5.82901
5.95441 5.86455
5.97647 5.89723
5.98423 5.91071
5.98587 5.91643
5.98913 5.92378
5.99199 5.9442
6.00057 5.97525
6.00629 5.99158
6.01569 6.00793
6.02344 6.0308
6.0357 6.08799
6.04509 6.12067
6.04673 6.15048
6.03815 6.15661
6.02385 6.14599
6.00425 6.12883
5.97198 6.10759
5.93685 6.08717
5.91479 6.07206
5.9005 6.0553
5.89233 6.04469
5.88783 6.03897
5.88619 6.03448
5.88007 6.0259
5.86006 5.98832
5.82125 5.92623
5.79184 5.88905
5.77876 5.86986
5.77182 5.8572
5.74608 5.82656
5.71382 5.79715
5.69462 5.78285
5.68277 5.77468
5.66766 5.75671
5.64846 5.72853
5.63376 5.71055
5.61864 5.69707
5.60843 5.6889
5.60271 5.68114
5.59863 5.66398
5.59781 5.64642
5.59781 5.63784
5.59985 5.63212
5.61415 5.61497
