# num spline points = 50
5.20469 3.06494
5.22074 3.05569
5.23674 3.04879
5.25326 3.04223
5.26913 3.0359
5.28391 3.03139
5.30003 3.02977
5.31754 3.02928
5.33523 3.02919
5.35396 3.02928
5.36947 3.03009
5.38377 3.03245
5.40038 3.03765
5.41724 3.04478
5.43346 3.05265
5.44836 3.06074
5.46345 3.07123
5.47124 3.08331
5.47432 3.09917
5.47377 3.11718
5.47014 3.13388
5.46407 3.15036
5.45895 3.16473
5.45093 3.17986
5.43796 3.19065
5.42387 3.19622
5.40726 3.20288
5.38933 3.20654
5.37392 3.21003
5.36013 3.21725
5.34684 3.2273
5.33479 3.24014
5.32199 3.25368
5.30963 3.26568
5.29625 3.27598
5.28199 3.27787
5.26828 3.27238
5.25309 3.25949
5.24191 3.24617
5.23127 3.23163
5.22246 3.21854
5.21221 3.20131
5.20795 3.18841
5.20144 3.17602
5.19474 3.15754
5.18988 3.13993
5.18607 3.12412
5.18337 3.10769
5.18754 3.09255
5.19511 3.07615
