# num parameter s samples = 50
0.584937 -3.14979
1.10207 -1.60834
1.45354 -0.402416
1.80501 2.65314
2.24297 -1.33847
2.78873 -2.69547
3.22096 -1.25801
3.58147 -0.205719
3.94198 1.61238
4.41031 -1.01841
4.89932 -2.04506
5.37265 -2.24705
5.84192 -1.6664
6.21608 -0.957375
6.54191 -0.917234
6.86775 -1.54553
7.36835 -3.252
7.98835 -3.1066
8.60414 -2.51301
9.21744 -2.33652
9.82639 -2.09108
10.7035 -1.6997
12.2741 -3.32674
13.6827 -3.5272
14.8925 -3.44243
16.5033 -2.98239
17.4364 -1.97281
18.1991 -1.95026
19.3437 -3.56566
20.5598 -3.09607
21.2973 -2.04921
21.828 0.508937
22.3155 -0.821152
22.7825 -1.57767
23.4111 -3.65881
24.1176 -3.47824
24.6178 -2.94522
25.0725 -2.09591
25.3794 -1.27289
25.6863 -0.795956
25.9933 -0.642547
26.687 -3.01037
27.9047 -3.85199
28.6859 -2.39037
29.2149 -1.19498
29.5928 -0.529062
29.9707 -0.908471
30.9972 -0.290359
32.3209 -1.78245
33 -2.77878
