# num raw points = 33
5.18337 3.10335
5.19449 3.07368
5.20932 3.05885
5.26864 3.03661
5.28347 3.02919
5.3428 3.02919
5.37246 3.02919
5.40212 3.03661
5.46144 3.06627
5.47257 3.0811
5.47627 3.11076
5.46886 3.14042
5.46144 3.15525
5.46144 3.16267
5.45403 3.17008
5.45032 3.18492
5.43549 3.19233
5.42807 3.19233
5.42066 3.19975
5.391 3.20716
5.37617 3.20716
5.36875 3.21458
5.35392 3.21828
5.33167 3.24424
5.30201 3.2739
5.28718 3.28132
5.25752 3.27019
5.21674 3.21087
5.20932 3.19604
5.20932 3.18862
5.1982 3.17379
5.18337 3.11447
5.18337 3.10705
