# num spline points = 50
5.21673 3.05761
5.26122 3.03908
5.29089 3.03043
5.33786 3.02919
5.37246 3.03043
5.40706 3.04032
5.45341 3.0638
5.47133 3.08357
5.47442 3.11076
5.46886 3.13795
5.46268 3.15401
5.46021 3.16267
5.45465 3.17132
5.44847 3.18368
5.43672 3.1911
5.42807 3.19357
5.41695 3.19975
5.39347 3.20592
5.3774 3.2084
5.36752 3.21396
5.35268 3.22199
5.33043 3.24486
5.30448 3.27019
5.28471 3.27823
5.25567 3.26216
5.2223 3.21828
5.21056 3.19727
5.20747 3.18738
5.19758 3.16637
5.18584 3.12312
5.18337 3.10767
5.18522 3.09902
5.19511 3.07615
# num spline points = 50
5.21673 3.05761
5.26122 3.03908
5.29089 3.03043
5.33786 3.02919
5.37246 3.03043
5.40706 3.04032
5.45341 3.0638
5.47133 3.08357
5.47442 3.11076
5.46886 3.13795
5.46268 3.15401
5.46021 3.16267
5.45465 3.17132
5.44847 3.18368
5.43672 3.1911
5.42807 3.19357
5.41695 3.19975
5.39347 3.20592
5.3774 3.2084
5.36752 3.21396
5.35268 3.22199
5.33043 3.24486
5.30448 3.27019
5.28471 3.27823
5.25567 3.26216
5.2223 3.21828
5.21056 3.19727
5.20747 3.18738
5.19758 3.16637
5.18584 3.12312
5.18337 3.10767
5.18522 3.09902
5.19511 3.07615
# num spline points = 50
5.21673 3.05761
5.26122 3.03908
5.29089 3.03043
5.33786 3.02919
5.37246 3.03043
5.40706 3.04032
5.45341 3.0638
5.47133 3.08357
5.47442 3.11076
5.46886 3.13795
5.46268 3.15401
5.46021 3.16267
5.45465 3.17132
5.44847 3.18368
5.43672 3.1911
5.42807 3.19357
5.41695 3.19975
5.39347 3.20592
5.3774 3.2084
5.36752 3.21396
5.35268 3.22199
5.33043 3.24486
5.30448 3.27019
5.28471 3.27823
5.25567 3.26216
5.2223 3.21828
5.21056 3.19727
5.20747 3.18738
5.19758 3.16637
5.18584 3.12312
5.18337 3.10767
5.18522 3.09902
5.19511 3.07615
# num spline points = 50
5.21673 3.05761
5.26122 3.03908
5.29089 3.03043
5.33786 3.02919
5.37246 3.03043
5.40706 3.04032
5.45341 3.0638
5.47133 3.08357
5.47442 3.11076
5.46886 3.13795
5.46268 3.15401
5.46021 3.16267
5.45465 3.17132
5.44847 3.18368
5.43672 3.1911
5.42807 3.19357
5.41695 3.19975
5.39347 3.20592
5.3774 3.2084
5.36752 3.21396
5.35268 3.22199
5.33043 3.24486
5.30448 3.27019
5.28471 3.27823
5.25567 3.26216
5.2223 3.21828
5.21056 3.19727
5.20747 3.18738
5.19758 3.16637
5.18584 3.12312
5.18337 3.10767
5.18522 3.09902
5.19511 3.07615
# num spline points = 50
5.21673 3.05761
5.26122 3.03908
5.29089 3.03043
5.33786 3.02919
5.37246 3.03043
5.40706 3.04032
5.45341 3.0638
5.47133 3.08357
5.47442 3.11076
5.46886 3.13795
5.46268 3.15401
5.46021 3.16267
5.45465 3.17132
5.44847 3.18368
5.43672 3.1911
5.42807 3.19357
5.41695 3.19975
5.39347 3.20592
5.3774 3.2084
5.36752 3.21396
5.35268 3.22199
5.33043 3.24486
5.30448 3.27019
5.28471 3.27823
5.25567 3.26216
5.2223 3.21828
5.21056 3.19727
5.20747 3.18738
5.19758 3.16637
5.18584 3.12312
5.18337 3.10767
5.18522 3.09902
5.19511 3.07615
# num spline points = 50
5.21673 3.05761
5.26122 3.03908
5.29089 3.03043
5.33786 3.02919
5.37246 3.03043
5.40706 3.04032
5.45341 3.0638
5.47133 3.08357
5.47442 3.11076
5.46886 3.13795
5.46268 3.15401
5.46021 3.16267
5.45465 3.17132
5.44847 3.18368
5.43672 3.1911
5.42807 3.19357
5.41695 3.19975
5.39347 3.20592
5.3774 3.2084
5.36752 3.21396
5.35268 3.22199
5.33043 3.24486
5.30448 3.27019
5.28471 3.27823
5.25567 3.26216
5.2223 3.21828
5.21056 3.19727
5.20747 3.18738
5.19758 3.16637
5.18584 3.12312
5.18337 3.10767
5.18522 3.09902
5.19511 3.07615
