# num points = 1768
0 75961.8
1 75959.8
2 75958.8
3 75956.5
4 75954.6
5 75943.1
6 75942.8
7 75939.9
8 75939.4
9 75938.6
10 75938
11 75938
12 75937.9
13 75933.2
14 75931.6
15 75931.1
16 75930.5
17 75930.2
18 75929.2
19 75929.2
20 75915
21 75903.6
22 75903.6
23 75903.2
24 75902.6
25 75897.5
26 75893.8
27 75893
28 75892.2
29 75887.8
30 75886.9
31 75885.8
32 75883.7
33 75882.5
34 75880.3
35 75878.8
36 75878.3
37 75878
38 75877.2
39 75874.3
40 75873.5
41 75869.7
42 75869.5
43 75867.4
44 75867
45 75867
46 75865.7
47 75864
48 75859
49 75856.8
50 75856.8
51 75856.5
52 75856
53 75855.8
54 75854.9
55 75854.6
56 75851.3
57 75851.2
58 75850.6
59 75842.6
60 75842.1
61 75841.9
62 75840.6
63 75839.9
64 75838.2
65 75838.1
66 75836.9
67 75836.1
68 75829.6
69 75828.5
70 75827.6
71 75826.5
72 75825.6
73 75825.4
74 75823.3
75 75822.9
76 75822.2
77 75821.3
78 75821.2
79 75820.9
80 75820.6
81 75820.5
82 75820.5
83 75815.2
84 75814.6
85 75814.5
86 75814.2
87 75811.8
88 75811.4
89 75811.3
90 75810.9
91 75810.2
92 75810
93 75809.9
94 75809.9
95 75809.6
96 75809
97 75808.8
98 75808.7
99 75807.6
100 75806.9
101 75806.8
102 75806.8
103 75805.5
104 75805.4
105 75805.3
106 75805.2
107 75805
108 75804.2
109 75803.6
110 75803.6
111 75803.6
112 75802.7
113 75802.5
114 75802.1
115 75801.9
116 75801.9
117 75801.8
118 75801.8
119 75801.5
120 75801.3
121 75801.3
122 75800.8
123 75799.9
124 75798.3
125 75798.2
126 75798.1
127 75798.1
128 75797.5
129 75797.4
130 75797
131 75796.8
132 75796.4
133 75795.4
134 75795.1
135 75794.2
136 75794.2
137 75794.1
138 75794
139 75793.9
140 75793.8
141 75793.6
142 75793.5
143 75793.5
144 75793.5
145 75791.9
146 75791.7
147 75791.2
148 75791.1
149 75790.4
150 75790.4
151 75790
152 75790
153 75790
154 75789.5
155 75789.3
156 75789.3
157 75789.3
158 75789.3
159 75788.7
160 75788
161 75788
162 75787.9
163 75787.8
164 75787.8
165 75787.8
166 75787.8
167 75787.2
168 75787.1
169 75787
170 75786.6
171 75786.6
172 75786.6
173 75786.4
174 75786.3
175 75786.1
176 75786
177 75786
178 75786
179 75785.9
180 75785.7
181 75785.7
182 75785.7
183 75785.4
184 75784.4
185 75784.3
186 75784.1
187 75783.7
188 75783.7
189 75783.6
190 75782.8
191 75782.5
192 75782.2
193 75781.8
194 75781.7
195 75781.7
196 75781.5
197 75781.5
198 75781.3
199 75781.2
200 75781.2
201 75781
202 75780.7
203 75780.3
204 75780.2
205 75780.1
206 75780.1
207 75780.1
208 75780.1
209 75779.9
210 75779.8
211 75779.8
212 75779.7
213 75779.6
214 75779.6
215 75779.6
216 75779.6
217 75779.4
218 75779.2
219 75779.2
220 75779.1
221 75779.1
222 75779
223 75779
224 75779
225 75779
226 75778.8
227 75778.8
228 75778.8
229 75778.7
230 75778.7
231 75778.5
232 75778.5
233 75778.2
234 75778
235 75778
236 75777.9
237 75777.7
238 75777.4
239 75777.2
240 75777.1
241 75777
242 75777
243 75776.7
244 75776.6
245 75776.5
246 75776.5
247 75776.4
248 75776.4
249 75776.4
250 75776.3
251 75776.3
252 75776.2
253 75776.1
254 75776
255 75776
256 75776
257 75775.7
258 75775.6
259 75775.6
260 75775.4
261 75775.4
262 75774.9
263 75774.8
264 75774.8
265 75774.8
266 75774.8
267 75774.8
268 75774.8
269 75774.6
270 75774.6
271 75774.6
272 75774.6
273 75774.6
274 75774.3
275 75774.3
276 75774.2
277 75774.1
278 75774
279 75774
280 75773.9
281 75773.9
282 75773.7
283 75773.5
284 75773.5
285 75773.5
286 75773.4
287 75773.1
288 75773.1
289 75773.1
290 75772.9
291 75772.8
292 75772.8
293 75772.8
294 75772.4
295 75772.4
296 75772.3
297 75772.3
298 75772.3
299 75772.2
300 75772.2
301 75772.2
302 75772.2
303 75772.1
304 75772.1
305 75772
306 75771.8
307 75771.7
308 75771.7
309 75771.7
310 75771.6
311 75771.5
312 75771.5
313 75771.2
314 75770.9
315 75770.8
316 75770.8
317 75770.8
318 75770.8
319 75770.7
320 75770.7
321 75770.7
322 75770.6
323 75770.6
324 75770.6
325 75770.5
326 75770.4
327 75770.4
328 75770.4
329 75770.4
330 75770.4
331 75770.3
332 75770.2
333 75770.2
334 75770.2
335 75770.2
336 75770.2
337 75770.2
338 75770.1
339 75770.1
340 75770
341 75770
342 75770
343 75770
344 75770
345 75770
346 75769.9
347 75769.9
348 75769.9
349 75769.9
350 75769.9
351 75769.9
352 75769.9
353 75769.9
354 75769.8
355 75769.6
356 75769.6
357 75769.4
358 75769.4
359 75769.4
360 75769.4
361 75769.4
362 75769.4
363 75769.4
364 75769.4
365 75769.4
366 75769.3
367 75769.3
368 75769.3
369 75769.3
370 75769.3
371 75769.3
372 75769.3
373 75769.3
374 75769.3
375 75769.2
376 75769.1
377 75769.1
378 75769
379 75769
380 75769
381 75769
382 75769
383 75768.9
384 75768.9
385 75768.9
386 75768.7
387 75768.7
388 75768.7
389 75768.6
390 75768.6
391 75768.6
392 75768.6
393 75768.6
394 75768.6
395 75768.5
396 75768.4
397 75768.4
398 75768.4
399 75768.4
400 75768.4
401 75768.3
402 75768.3
403 75768.3
404 75768.3
405 75768.3
406 75768.3
407 75768.3
408 75768.3
409 75768.3
410 75768.2
411 75768.2
412 75768.2
413 75768.2
414 75768.2
415 75768.2
416 75768.2
417 75768.2
418 75768.2
419 75768.2
420 75768.2
421 75768.2
422 75768.2
423 75768.2
424 75768.1
425 75768.1
426 75768
427 75768
428 75768
429 75768
430 75768
431 75767.9
432 75767.9
433 75767.9
434 75767.9
435 75767.9
436 75767.8
437 75767.8
438 75767.8
439 75767.7
440 75767.7
441 75767.7
442 75767.7
443 75767.7
444 75767.7
445 75767.7
446 75767.7
447 75767.6
448 75767.6
449 75767.6
450 75767.6
451 75767.6
452 75767.5
453 75767.5
454 75767.5
455 75767.5
456 75767.5
457 75767.5
458 75767.5
459 75767.4
460 75767.4
461 75767.4
462 75767.4
463 75767.4
464 75767.3
465 75767.3
466 75767.3
467 75767.3
468 75767.3
469 75767.3
470 75767.3
471 75767.3
472 75767.2
473 75767.2
474 75767.2
475 75767.2
476 75767.2
477 75767.2
478 75767.2
479 75767.2
480 75767.2
481 75767.2
482 75767.1
483 75767.1
484 75767
485 75767
486 75766.8
487 75766.8
488 75766.7
489 75766.7
490 75766.7
491 75766.7
492 75766.7
493 75766.7
494 75766.7
495 75766.7
496 75766.7
497 75766.7
498 75766.7
499 75766.7
500 75766.6
501 75766.6
502 75766.6
503 75766.6
504 75766.6
505 75766.6
506 75766.6
507 75766.6
508 75766.6
509 75766.6
510 75766.5
511 75766.5
512 75766.4
513 75766.4
514 75766.4
515 75766.4
516 75766.4
517 75766.4
518 75766.4
519 75766.3
520 75766.3
521 75766.3
522 75766.3
523 75766.3
524 75766.3
525 75766.3
526 75766.3
527 75766.3
528 75766.3
529 75766.3
530 75766.3
531 75766.3
532 75766.3
533 75766.3
534 75766.3
535 75766.3
536 75766.3
537 75766.3
538 75766.3
539 75766.3
540 75766.3
541 75766.3
542 75766.3
543 75766.2
544 75766.2
545 75766.2
546 75766.2
547 75766.2
548 75766.2
549 75766.2
550 75766.2
551 75766.2
552 75766.2
553 75766.2
554 75766.2
555 75766.2
556 75766.2
557 75766.2
558 75766.2
559 75766.2
560 75766.2
561 75766.2
562 75766.1
563 75766.1
564 75766.1
565 75766.1
566 75766
567 75766
568 75766
569 75766
570 75766
571 75766
572 75766
573 75766
574 75766
575 75765.9
576 75765.9
577 75765.9
578 75765.9
579 75765.9
580 75765.9
581 75765.9
582 75765.9
583 75765.9
584 75765.9
585 75765.9
586 75765.9
587 75765.9
588 75765.9
589 75765.9
590 75765.9
591 75765.9
592 75765.8
593 75765.8
594 75765.8
595 75765.8
596 75765.8
597 75765.8
598 75765.8
599 75765.8
600 75765.8
601 75765.8
602 75765.8
603 75765.8
604 75765.8
605 75765.8
606 75765.8
607 75765.8
608 75765.8
609 75765.8
610 75765.8
611 75765.8
612 75765.7
613 75765.7
614 75765.7
615 75765.7
616 75765.7
617 75765.7
618 75765.7
619 75765.7
620 75765.7
621 75765.7
622 75765.7
623 75765.7
624 75765.7
625 75765.7
626 75765.7
627 75765.7
628 75765.7
629 75765.7
630 75765.7
631 75765.7
632 75765.7
633 75765.7
634 75765.7
635 75765.6
636 75765.6
637 75765.6
638 75765.6
639 75765.6
640 75765.6
641 75765.6
642 75765.6
643 75765.6
644 75765.6
645 75765.6
646 75765.6
647 75765.6
648 75765.6
649 75765.6
650 75765.6
651 75765.6
652 75765.6
653 75765.6
654 75765.6
655 75765.6
656 75765.6
657 75765.6
658 75765.6
659 75765.6
660 75765.6
661 75765.6
662 75765.6
663 75765.6
664 75765.6
665 75765.6
666 75765.6
667 75765.6
668 75765.5
669 75765.5
670 75765.5
671 75765.5
672 75765.5
673 75765.5
674 75765.5
675 75765.5
676 75765.5
677 75765.5
678 75765.5
679 75765.5
680 75765.5
681 75765.5
682 75765.5
683 75765.5
684 75765.5
685 75765.5
686 75765.5
687 75765.5
688 75765.5
689 75765.5
690 75765.5
691 75765.5
692 75765.5
693 75765.5
694 75765.5
695 75765.5
696 75765.5
697 75765.5
698 75765.5
699 75765.5
700 75765.5
701 75765.5
702 75765.5
703 75765.5
704 75765.5
705 75765.5
706 75765.5
707 75765.5
708 75765.5
709 75765.5
710 75765.5
711 75765.5
712 75765.5
713 75765.5
714 75765.5
715 75765.4
716 75765.4
717 75765.4
718 75765.4
719 75765.4
720 75765.4
721 75765.4
722 75765.4
723 75765.4
724 75765.4
725 75765.4
726 75765.4
727 75765.3
728 75765.3
729 75765.3
730 75765.3
731 75765.3
732 75765.3
733 75765.3
734 75765.3
735 75765.3
736 75765.3
737 75765.3
738 75765.3
739 75765.3
740 75765.3
741 75765.3
742 75765.3
743 75765.3
744 75765.3
745 75765.3
746 75765.3
747 75765.3
748 75765.3
749 75765.3
750 75765.3
751 75765.3
752 75765.3
753 75765.3
754 75765.3
755 75765.3
756 75765.2
757 75765.2
758 75765.2
759 75765.2
760 75765.2
761 75765.2
762 75765.2
763 75765.2
764 75765.2
765 75765.2
766 75765.2
767 75765.2
768 75765.2
769 75765.2
770 75765.2
771 75765.2
772 75765.2
773 75765.2
774 75765.2
775 75765.2
776 75765.2
777 75765.2
778 75765.2
779 75765.2
780 75765.2
781 75765.2
782 75765.2
783 75765.2
784 75765.1
785 75765.1
786 75765.1
787 75765.1
788 75765.1
789 75765.1
790 75765.1
791 75765.1
792 75765.1
793 75765.1
794 75765.1
795 75765.1
796 75765.1
797 75765.1
798 75765.1
799 75765.1
800 75765.1
801 75765.1
802 75765.1
803 75765.1
804 75765.1
805 75765.1
806 75765.1
807 75765.1
808 75765.1
809 75765.1
810 75765.1
811 75765
812 75765
813 75765
814 75765
815 75765
816 75765
817 75765
818 75765
819 75765
820 75765
821 75765
822 75765
823 75765
824 75765
825 75765
826 75765
827 75765
828 75765
829 75765
830 75765
831 75765
832 75765
833 75765
834 75765
835 75765
836 75764.9
837 75764.9
838 75764.9
839 75764.9
840 75764.9
841 75764.9
842 75764.9
843 75764.9
844 75764.9
845 75764.9
846 75764.9
847 75764.9
848 75764.9
849 75764.9
850 75764.9
851 75764.9
852 75764.9
853 75764.9
854 75764.9
855 75764.8
856 75764.8
857 75764.8
858 75764.8
859 75764.8
860 75764.8
861 75764.8
862 75764.8
863 75764.8
864 75764.8
865 75764.8
866 75764.8
867 75764.8
868 75764.8
869 75764.8
870 75764.8
871 75764.8
872 75764.8
873 75764.8
874 75764.8
875 75764.8
876 75764.8
877 75764.8
878 75764.8
879 75764.8
880 75764.8
881 75764.8
882 75764.8
883 75764.8
884 75764.8
885 75764.8
886 75764.8
887 75764.8
888 75764.8
889 75764.8
890 75764.8
891 75764.8
892 75764.8
893 75764.8
894 75764.8
895 75764.8
896 75764.8
897 75764.8
898 75764.8
899 75764.8
900 75764.8
901 75764.7
902 75764.7
903 75764.7
904 75764.7
905 75764.7
906 75764.7
907 75764.7
908 75764.7
909 75764.7
910 75764.7
911 75764.7
912 75764.7
913 75764.7
914 75764.7
915 75764.7
916 75764.7
917 75764.7
918 75764.7
919 75764.7
920 75764.7
921 75764.7
922 75764.7
923 75764.7
924 75764.7
925 75764.7
926 75764.7
927 75764.7
928 75764.7
929 75764.7
930 75764.7
931 75764.6
932 75764.6
933 75764.6
934 75764.6
935 75764.6
936 75764.6
937 75764.6
938 75764.6
939 75764.6
940 75764.6
941 75764.6
942 75764.6
943 75764.6
944 75764.6
945 75764.6
946 75764.6
947 75764.6
948 75764.6
949 75764.6
950 75764.6
951 75764.6
952 75764.6
953 75764.6
954 75764.6
955 75764.6
956 75764.6
957 75764.6
958 75764.6
959 75764.6
960 75764.6
961 75764.6
962 75764.6
963 75764.6
964 75764.6
965 75764.6
966 75764.6
967 75764.6
968 75764.6
969 75764.6
970 75764.6
971 75764.6
972 75764.5
973 75764.5
974 75764.5
975 75764.5
976 75764.5
977 75764.5
978 75764.5
979 75764.5
980 75764.5
981 75764.5
982 75764.5
983 75764.5
984 75764.5
985 75764.5
986 75764.5
987 75764.5
988 75764.5
989 75764.5
990 75764.5
991 75764.5
992 75764.5
993 75764.5
994 75764.5
995 75764.5
996 75764.5
997 75764.5
998 75764.5
999 75764.5
1000 75764.5
1001 75764.5
1002 75764.5
1003 75764.5
1004 75764.5
1005 75764.5
1006 75764.5
1007 75764.5
1008 75764.5
1009 75764.5
1010 75764.5
1011 75764.5
1012 75764.5
1013 75764.5
1014 75764.5
1015 75764.5
1016 75764.5
1017 75764.5
1018 75764.5
1019 75764.5
1020 75764.5
1021 75764.5
1022 75764.5
1023 75764.5
1024 75764.5
1025 75764.4
1026 75764.4
1027 75764.4
1028 75764.4
1029 75764.4
1030 75764.4
1031 75764.4
1032 75764.4
1033 75764.4
1034 75764.4
1035 75764.4
1036 75764.4
1037 75764.4
1038 75764.4
1039 75764.4
1040 75764.4
1041 75764.4
1042 75764.4
1043 75764.4
1044 75764.4
1045 75764.4
1046 75764.4
1047 75764.4
1048 75764.4
1049 75764.4
1050 75764.4
1051 75764.4
1052 75764.4
1053 75764.4
1054 75764.4
1055 75764.4
1056 75764.4
1057 75764.4
1058 75764.4
1059 75764.4
1060 75764.4
1061 75764.4
1062 75764.4
1063 75764.4
1064 75764.4
1065 75764.4
1066 75764.4
1067 75764.4
1068 75764.4
1069 75764.4
1070 75764.4
1071 75764.4
1072 75764.4
1073 75764.4
1074 75764.4
1075 75764.4
1076 75764.4
1077 75764.4
1078 75764.4
1079 75764.4
1080 75764.4
1081 75764.4
1082 75764.4
1083 75764.4
1084 75764.4
1085 75764.4
1086 75764.4
1087 75764.4
1088 75764.4
1089 75764.4
1090 75764.4
1091 75764.4
1092 75764.4
1093 75764.4
1094 75764.4
1095 75764.4
1096 75764.4
1097 75764.4
1098 75764.4
1099 75764.4
1100 75764.4
1101 75764.4
1102 75764.4
1103 75764.3
1104 75764.3
1105 75764.3
1106 75764.3
1107 75764.3
1108 75764.3
1109 75764.3
1110 75764.3
1111 75764.3
1112 75764.3
1113 75764.3
1114 75764.3
1115 75764.3
1116 75764.3
1117 75764.3
1118 75764.3
1119 75764.3
1120 75764.3
1121 75764.3
1122 75764.3
1123 75764.3
1124 75764.3
1125 75764.3
1126 75764.3
1127 75764.3
1128 75764.3
1129 75764.3
1130 75764.3
1131 75764.3
1132 75764.3
1133 75764.3
1134 75764.3
1135 75764.3
1136 75764.3
1137 75764.3
1138 75764.3
1139 75764.3
1140 75764.3
1141 75764.3
1142 75764.3
1143 75764.3
1144 75764.3
1145 75764.3
1146 75764.3
1147 75764.3
1148 75764.3
1149 75764.3
1150 75764.3
1151 75764.3
1152 75764.3
1153 75764.3
1154 75764.3
1155 75764.3
1156 75764.3
1157 75764.3
1158 75764.3
1159 75764.3
1160 75764.3
1161 75764.3
1162 75764.3
1163 75764.3
1164 75764.3
1165 75764.3
1166 75764.3
1167 75764.3
1168 75764.3
1169 75764.3
1170 75764.3
1171 75764.3
1172 75764.3
1173 75764.3
1174 75764.3
1175 75764.3
1176 75764.3
1177 75764.3
1178 75764.3
1179 75764.3
1180 75764.3
1181 75764.3
1182 75764.3
1183 75764.3
1184 75764.3
1185 75764.3
1186 75764.3
1187 75764.3
1188 75764.3
1189 75764.3
1190 75764.3
1191 75764.3
1192 75764.3
1193 75764.3
1194 75764.3
1195 75764.3
1196 75764.3
1197 75764.3
1198 75764.3
1199 75764.3
1200 75764.3
1201 75764.3
1202 75764.2
1203 75764.2
1204 75764.2
1205 75764.2
1206 75764.2
1207 75764.2
1208 75764.2
1209 75764.2
1210 75764.2
1211 75764.2
1212 75764.2
1213 75764.2
1214 75764.2
1215 75764.2
1216 75764.2
1217 75764.2
1218 75764.2
1219 75764.2
1220 75764.2
1221 75764.2
1222 75764.2
1223 75764.2
1224 75764.2
1225 75764.2
1226 75764.2
1227 75764.2
1228 75764.2
1229 75764.2
1230 75764.2
1231 75764.2
1232 75764.2
1233 75764.2
1234 75764.2
1235 75764.2
1236 75764.2
1237 75764.2
1238 75764.2
1239 75764.2
1240 75764.2
1241 75764.2
1242 75764.2
1243 75764.2
1244 75764.2
1245 75764.2
1246 75764.2
1247 75764.2
1248 75764.2
1249 75764.2
1250 75764.2
1251 75764.2
1252 75764.2
1253 75764.2
1254 75764.2
1255 75764.2
1256 75764.2
1257 75764.2
1258 75764.2
1259 75764.2
1260 75764.2
1261 75764.2
1262 75764.2
1263 75764.2
1264 75764.2
1265 75764.2
1266 75764.2
1267 75764.2
1268 75764.2
1269 75764.2
1270 75764.2
1271 75764.2
1272 75764.2
1273 75764.2
1274 75764.2
1275 75764.2
1276 75764.2
1277 75764.2
1278 75764.2
1279 75764.2
1280 75764.2
1281 75764.2
1282 75764.2
1283 75764.2
1284 75764.2
1285 75764.2
1286 75764.2
1287 75764.2
1288 75764.2
1289 75764.2
1290 75764.2
1291 75764.2
1292 75764.2
1293 75764.2
1294 75764.2
1295 75764.2
1296 75764.2
1297 75764.2
1298 75764.2
1299 75764.2
1300 75764.2
1301 75764.2
1302 75764.2
1303 75764.2
1304 75764.2
1305 75764.2
1306 75764.2
1307 75764.2
1308 75764.2
1309 75764.2
1310 75764.2
1311 75764.2
1312 75764.2
1313 75764.2
1314 75764.2
1315 75764.2
1316 75764.2
1317 75764.1
1318 75764.1
1319 75764.1
1320 75764.1
1321 75764.1
1322 75764.1
1323 75764.1
1324 75764.1
1325 75764.1
1326 75764.1
1327 75764.1
1328 75764.1
1329 75764.1
1330 75764.1
1331 75764.1
1332 75764.1
1333 75764.1
1334 75764.1
1335 75764.1
1336 75764.1
1337 75764.1
1338 75764.1
1339 75764.1
1340 75764.1
1341 75764.1
1342 75764.1
1343 75764.1
1344 75764.1
1345 75764.1
1346 75764.1
1347 75764.1
1348 75764.1
1349 75764.1
1350 75764.1
1351 75764.1
1352 75764.1
1353 75764.1
1354 75764.1
1355 75764.1
1356 75764.1
1357 75764.1
1358 75764.1
1359 75764.1
1360 75764.1
1361 75764.1
1362 75764.1
1363 75764.1
1364 75764.1
1365 75764.1
1366 75764.1
1367 75764.1
1368 75764.1
1369 75764.1
1370 75764.1
1371 75764.1
1372 75764.1
1373 75764.1
1374 75764.1
1375 75764.1
1376 75764.1
1377 75764.1
1378 75764.1
1379 75764.1
1380 75764.1
1381 75764.1
1382 75764.1
1383 75764.1
1384 75764.1
1385 75764.1
1386 75764.1
1387 75764.1
1388 75764.1
1389 75764.1
1390 75764.1
1391 75764.1
1392 75764.1
1393 75764.1
1394 75764.1
1395 75764.1
1396 75764.1
1397 75764.1
1398 75764.1
1399 75764.1
1400 75764.1
1401 75764.1
1402 75764.1
1403 75764.1
1404 75764.1
1405 75764.1
1406 75764.1
1407 75764.1
1408 75764.1
1409 75764.1
1410 75764.1
1411 75764.1
1412 75764.1
1413 75764.1
1414 75764.1
1415 75764.1
1416 75764.1
1417 75764.1
1418 75764.1
1419 75764.1
1420 75764.1
1421 75764.1
1422 75764.1
1423 75764.1
1424 75764.1
1425 75764.1
1426 75764.1
1427 75764.1
1428 75764.1
1429 75764.1
1430 75764.1
1431 75764.1
1432 75764.1
1433 75764.1
1434 75764.1
1435 75764.1
1436 75764.1
1437 75764.1
1438 75764.1
1439 75764.1
1440 75764.1
1441 75764.1
1442 75764
1443 75764
1444 75764
1445 75764
1446 75764
1447 75764
1448 75764
1449 75764
1450 75764
1451 75764
1452 75764
1453 75764
1454 75764
1455 75764
1456 75764
1457 75764
1458 75764
1459 75764
1460 75764
1461 75764
1462 75764
1463 75764
1464 75764
1465 75764
1466 75764
1467 75764
1468 75764
1469 75764
1470 75764
1471 75764
1472 75764
1473 75764
1474 75764
1475 75764
1476 75764
1477 75764
1478 75764
1479 75764
1480 75764
1481 75764
1482 75764
1483 75764
1484 75764
1485 75764
1486 75764
1487 75764
1488 75764
1489 75764
1490 75764
1491 75764
1492 75764
1493 75764
1494 75764
1495 75764
1496 75764
1497 75764
1498 75764
1499 75764
1500 75763.9
1501 75763.9
1502 75763.9
1503 75763.9
1504 75763.9
1505 75763.9
1506 75763.9
1507 75763.9
1508 75763.9
1509 75763.9
1510 75763.9
1511 75763.9
1512 75763.9
1513 75763.9
1514 75763.9
1515 75763.9
1516 75763.9
1517 75763.9
1518 75763.9
1519 75763.9
1520 75763.9
1521 75763.9
1522 75763.9
1523 75763.9
1524 75763.9
1525 75763.9
1526 75763.9
1527 75763.9
1528 75763.9
1529 75763.9
1530 75763.9
1531 75763.9
1532 75763.9
1533 75763.9
1534 75763.9
1535 75763.9
1536 75763.9
1537 75763.9
1538 75763.9
1539 75763.9
1540 75763.9
1541 75763.9
1542 75763.9
1543 75763.9
1544 75763.9
1545 75763.9
1546 75763.9
1547 75763.9
1548 75763.9
1549 75763.9
1550 75763.9
1551 75763.9
1552 75763.9
1553 75763.9
1554 75763.9
1555 75763.9
1556 75763.9
1557 75763.9
1558 75763.9
1559 75763.9
1560 75763.9
1561 75763.9
1562 75763.9
1563 75763.9
1564 75763.9
1565 75763.9
1566 75763.9
1567 75763.9
1568 75763.9
1569 75763.9
1570 75763.9
1571 75763.9
1572 75763.9
1573 75763.9
1574 75763.9
1575 75763.9
1576 75763.9
1577 75763.9
1578 75763.9
1579 75763.9
1580 75763.9
1581 75763.9
1582 75763.9
1583 75763.9
1584 75763.9
1585 75763.8
1586 75763.8
1587 75763.8
1588 75763.8
1589 75763.8
1590 75763.8
1591 75763.8
1592 75763.8
1593 75763.8
1594 75763.8
1595 75763.8
1596 75763.8
1597 75763.8
1598 75763.8
1599 75763.8
1600 75763.8
1601 75763.8
1602 75763.8
1603 75763.8
1604 75763.8
1605 75763.8
1606 75763.8
1607 75763.8
1608 75763.8
1609 75763.8
1610 75763.8
1611 75763.8
1612 75763.8
1613 75763.8
1614 75763.8
1615 75763.8
1616 75763.8
1617 75763.8
1618 75763.8
1619 75763.8
1620 75763.8
1621 75763.8
1622 75763.8
1623 75763.8
1624 75763.8
1625 75763.8
1626 75763.8
1627 75763.8
1628 75763.8
1629 75763.8
1630 75763.8
1631 75763.8
1632 75763.8
1633 75763.8
1634 75763.8
1635 75763.8
1636 75763.8
1637 75763.8
1638 75763.8
1639 75763.8
1640 75763.8
1641 75763.8
1642 75763.8
1643 75763.8
1644 75763.8
1645 75763.8
1646 75763.8
1647 75763.8
1648 75763.8
1649 75763.8
1650 75763.8
1651 75763.8
1652 75763.8
1653 75763.8
1654 75763.8
1655 75763.8
1656 75763.8
1657 75763.8
1658 75763.8
1659 75763.8
1660 75763.8
1661 75763.8
1662 75763.8
1663 75763.8
1664 75763.8
1665 75763.8
1666 75763.8
1667 75763.8
1668 75763.8
1669 75763.8
1670 75763.8
1671 75763.8
1672 75763.8
1673 75763.8
1674 75763.7
1675 75763.7
1676 75763.7
1677 75763.7
1678 75763.7
1679 75763.7
1680 75763.7
1681 75763.7
1682 75763.7
1683 75763.7
1684 75763.7
1685 75763.7
1686 75763.7
1687 75763.7
1688 75763.7
1689 75763.7
1690 75763.7
1691 75763.7
1692 75763.7
1693 75763.7
1694 75763.7
1695 75763.7
1696 75763.7
1697 75763.7
1698 75763.7
1699 75763.7
1700 75763.7
1701 75763.7
1702 75763.7
1703 75763.7
1704 75763.7
1705 75763.7
1706 75763.7
1707 75763.7
1708 75763.7
1709 75763.7
1710 75763.7
1711 75763.7
1712 75763.7
1713 75763.7
1714 75763.7
1715 75763.7
1716 75763.7
1717 75763.7
1718 75763.7
1719 75763.7
1720 75763.7
1721 75763.7
1722 75763.7
1723 75763.7
1724 75763.7
1725 75763.7
1726 75763.7
1727 75763.7
1728 75763.7
1729 75763.7
1730 75763.7
1731 75763.7
1732 75763.7
1733 75763.7
1734 75763.7
1735 75763.7
1736 75763.7
1737 75763.7
1738 75763.7
1739 75763.7
1740 75763.7
1741 75763.7
1742 75763.7
1743 75763.7
1744 75763.7
1745 75763.7
1746 75763.7
1747 75763.7
1748 75763.7
1749 75763.7
1750 75763.7
1751 75763.7
1752 75763.7
1753 75763.7
1754 75763.7
1755 75763.7
1756 75763.7
1757 75763.7
1758 75763.7
1759 75763.7
1760 75763.7
1761 75763.7
1762 75763.7
1763 75763.7
1764 75763.7
1765 75763.7
1766 75763.7
1767 75763.7
