# num points = 1768
0 100
1 100
2 100
3 100
4 100
5 100
6 100
7 100
8 100
9 100
10 100
11 100
12 100
13 100
14 100
15 100
16 100
17 100
18 100
19 100
20 100
21 100
22 100
23 100
24 100
25 100
26 100
27 100
28 100
29 100
30 100
31 100
32 100
33 100
34 100
35 100
36 100
37 100
38 100
39 100
40 100
41 100
42 100
43 100
44 100
45 100
46 100
47 100
48 100
49 100
50 100
51 100
52 100
53 100
54 100
55 100
56 100
57 100
58 100
59 100
60 100
61 100
62 100
63 100
64 100
65 100
66 100
67 100
68 100
69 100
70 100
71 100
72 100
73 100
74 100
75 100
76 100
77 100
78 100
79 100
80 100
81 100
82 100
83 100
84 100
85 100
86 100
87 100
88 100
89 100
90 100
91 100
92 100
93 100
94 100
95 100
96 100
97 100
98 100
99 100
100 100
101 100
102 100
103 100
104 100
105 100
106 100
107 100
108 100
109 100
110 100
111 100
112 100
113 100
114 100
115 100
116 100
117 100
118 100
119 100
120 100
121 100
122 100
123 100
124 100
125 100
126 100
127 100
128 100
129 100
130 100
131 100
132 100
133 100
134 100
135 100
136 100
137 100
138 100
139 100
140 100
141 100
142 100
143 100
144 100
145 100
146 100
147 100
148 100
149 100
150 100
151 100
152 100
153 100
154 100
155 100
156 100
157 100
158 100
159 100
160 100
161 100
162 100
163 100
164 100
165 100
166 100
167 100
168 100
169 100
170 100
171 100
172 100
173 100
174 100
175 100
176 100
177 100
178 100
179 100
180 100
181 100
182 100
183 100
184 100
185 100
186 100
187 100
188 100
189 100
190 100
191 100
192 100
193 100
194 100
195 100
196 100
197 100
198 100
199 100
200 100
201 100
202 100
203 100
204 100
205 100
206 100
207 100
208 100
209 100
210 100
211 100
212 100
213 100
214 100
215 100
216 100
217 100
218 100
219 100
220 100
221 100
222 100
223 100
224 100
225 100
226 100
227 100
228 100
229 100
230 100
231 100
232 100
233 100
234 100
235 100
236 100
237 100
238 100
239 100
240 100
241 100
242 100
243 100
244 100
245 100
246 100
247 100
248 100
249 100
250 100
251 100
252 100
253 100
254 100
255 100
256 100
257 100
258 100
259 100
260 100
261 100
262 100
263 100
264 100
265 100
266 100
267 100
268 100
269 100
270 100
271 100
272 100
273 100
274 100
275 100
276 100
277 100
278 100
279 100
280 100
281 100
282 100
283 100
284 100
285 100
286 100
287 100
288 100
289 100
290 100
291 100
292 100
293 100
294 100
295 100
296 100
297 100
298 100
299 100
300 100
301 100
302 100
303 100
304 100
305 100
306 100
307 100
308 100
309 100
310 100
311 100
312 100
313 100
314 100
315 100
316 100
317 100
318 100
319 100
320 100
321 100
322 100
323 100
324 100
325 100
326 100
327 90
328 90
329 90
330 90
331 90
332 90
333 90
334 90
335 90
336 90
337 90
338 90
339 90
340 90
341 90
342 90
343 90
344 90
345 90
346 90
347 90
348 90
349 90
350 90
351 90
352 90
353 90
354 90
355 90
356 90
357 90
358 90
359 90
360 90
361 90
362 90
363 90
364 90
365 90
366 90
367 90
368 90
369 90
370 90
371 90
372 90
373 90
374 90
375 90
376 90
377 90
378 90
379 90
380 90
381 90
382 90
383 90
384 90
385 90
386 90
387 90
388 90
389 90
390 90
391 90
392 90
393 90
394 90
395 90
396 90
397 90
398 90
399 90
400 90
401 90
402 90
403 90
404 90
405 90
406 90
407 90
408 90
409 90
410 90
411 90
412 90
413 90
414 90
415 90
416 90
417 90
418 90
419 90
420 90
421 90
422 90
423 90
424 90
425 90
426 90
427 90
428 90
429 90
430 90
431 90
432 90
433 90
434 90
435 90
436 90
437 90
438 90
439 90
440 90
441 90
442 90
443 90
444 90
445 90
446 90
447 90
448 90
449 90
450 90
451 90
452 90
453 90
454 90
455 90
456 90
457 90
458 90
459 90
460 90
461 90
462 90
463 90
464 90
465 90
466 90
467 90
468 90
469 90
470 90
471 90
472 90
473 90
474 90
475 90
476 90
477 90
478 90
479 90
480 90
481 90
482 90
483 90
484 90
485 90
486 90
487 90
488 90
489 90
490 90
491 90
492 90
493 90
494 90
495 90
496 90
497 90
498 90
499 90
500 90
501 90
502 90
503 90
504 90
505 90
506 90
507 90
508 90
509 90
510 90
511 90
512 90
513 90
514 90
515 90
516 90
517 90
518 90
519 90
520 90
521 90
522 90
523 90
524 90
525 90
526 90
527 90
528 90
529 90
530 90
531 90
532 90
533 90
534 90
535 90
536 90
537 90
538 90
539 90
540 90
541 90
542 90
543 90
544 90
545 90
546 90
547 90
548 90
549 90
550 90
551 90
552 90
553 90
554 90
555 90
556 90
557 90
558 90
559 90
560 90
561 90
562 90
563 90
564 90
565 90
566 90
567 90
568 90
569 90
570 90
571 90
572 90
573 90
574 90
575 90
576 90
577 90
578 90
579 90
580 90
581 90
582 90
583 90
584 90
585 90
586 90
587 90
588 90
589 90
590 90
591 90
592 90
593 90
594 90
595 90
596 90
597 90
598 90
599 90
600 90
601 90
602 90
603 90
604 90
605 90
606 90
607 90
608 90
609 90
610 90
611 90
612 90
613 90
614 90
615 90
616 90
617 90
618 90
619 90
620 90
621 90
622 90
623 90
624 90
625 90
626 90
627 90
628 90
629 90
630 90
631 90
632 90
633 90
634 90
635 90
636 90
637 90
638 90
639 90
640 90
641 90
642 90
643 90
644 90
645 90
646 90
647 90
648 90
649 90
650 90
651 90
652 90
653 90
654 81
655 81
656 81
657 81
658 81
659 81
660 81
661 81
662 81
663 81
664 81
665 81
666 81
667 81
668 81
669 81
670 81
671 81
672 81
673 81
674 81
675 81
676 81
677 81
678 81
679 81
680 81
681 81
682 81
683 81
684 81
685 81
686 81
687 81
688 81
689 81
690 81
691 81
692 81
693 81
694 81
695 81
696 81
697 81
698 81
699 81
700 81
701 81
702 81
703 81
704 81
705 81
706 81
707 81
708 81
709 81
710 81
711 81
712 81
713 81
714 81
715 81
716 81
717 81
718 81
719 81
720 81
721 81
722 81
723 81
724 81
725 81
726 81
727 81
728 81
729 81
730 81
731 81
732 81
733 81
734 81
735 81
736 81
737 81
738 81
739 81
740 81
741 81
742 81
743 81
744 81
745 81
746 81
747 81
748 81
749 81
750 81
751 81
752 81
753 81
754 81
755 81
756 81
757 81
758 81
759 81
760 81
761 81
762 81
763 81
764 81
765 81
766 81
767 81
768 81
769 81
770 81
771 81
772 81
773 81
774 81
775 81
776 81
777 81
778 81
779 81
780 81
781 81
782 81
783 81
784 81
785 81
786 81
787 81
788 81
789 81
790 81
791 81
792 81
793 81
794 81
795 81
796 81
797 81
798 81
799 81
800 81
801 81
802 81
803 81
804 81
805 81
806 81
807 81
808 81
809 81
810 81
811 81
812 81
813 81
814 81
815 81
816 81
817 81
818 81
819 81
820 81
821 81
822 81
823 81
824 81
825 81
826 81
827 81
828 81
829 81
830 81
831 81
832 81
833 81
834 81
835 81
836 81
837 81
838 81
839 81
840 81
841 81
842 81
843 81
844 81
845 81
846 81
847 81
848 81
849 81
850 81
851 81
852 81
853 81
854 81
855 81
856 81
857 81
858 81
859 81
860 81
861 81
862 81
863 81
864 81
865 81
866 81
867 81
868 81
869 81
870 81
871 81
872 81
873 81
874 81
875 81
876 81
877 81
878 81
879 81
880 81
881 81
882 81
883 81
884 81
885 81
886 81
887 81
888 81
889 81
890 81
891 81
892 81
893 81
894 81
895 81
896 81
897 81
898 81
899 81
900 81
901 81
902 81
903 81
904 81
905 81
906 81
907 81
908 81
909 81
910 81
911 81
912 81
913 81
914 81
915 81
916 81
917 81
918 81
919 81
920 81
921 81
922 81
923 81
924 81
925 81
926 81
927 81
928 81
929 81
930 81
931 81
932 81
933 81
934 81
935 81
936 81
937 81
938 81
939 81
940 81
941 81
942 81
943 81
944 81
945 81
946 81
947 81
948 81
949 81
950 81
951 81
952 81
953 81
954 81
955 81
956 81
957 81
958 81
959 81
960 81
961 81
962 81
963 81
964 81
965 81
966 81
967 81
968 81
969 81
970 81
971 81
972 81
973 81
974 81
975 81
976 81
977 81
978 81
979 81
980 81
981 72.9
982 72.9
983 72.9
984 72.9
985 72.9
986 72.9
987 72.9
988 72.9
989 72.9
990 72.9
991 72.9
992 72.9
993 72.9
994 72.9
995 72.9
996 72.9
997 72.9
998 72.9
999 72.9
1000 72.9
1001 72.9
1002 72.9
1003 72.9
1004 72.9
1005 72.9
1006 72.9
1007 72.9
1008 72.9
1009 72.9
1010 72.9
1011 72.9
1012 72.9
1013 72.9
1014 72.9
1015 72.9
1016 72.9
1017 72.9
1018 72.9
1019 72.9
1020 72.9
1021 72.9
1022 72.9
1023 72.9
1024 72.9
1025 72.9
1026 72.9
1027 72.9
1028 72.9
1029 72.9
1030 72.9
1031 72.9
1032 72.9
1033 72.9
1034 72.9
1035 72.9
1036 72.9
1037 72.9
1038 72.9
1039 72.9
1040 72.9
1041 72.9
1042 72.9
1043 72.9
1044 72.9
1045 72.9
1046 72.9
1047 72.9
1048 72.9
1049 72.9
1050 72.9
1051 72.9
1052 72.9
1053 72.9
1054 72.9
1055 72.9
1056 72.9
1057 72.9
1058 72.9
1059 72.9
1060 72.9
1061 72.9
1062 72.9
1063 72.9
1064 72.9
1065 72.9
1066 72.9
1067 72.9
1068 72.9
1069 72.9
1070 72.9
1071 72.9
1072 72.9
1073 72.9
1074 72.9
1075 72.9
1076 72.9
1077 72.9
1078 72.9
1079 72.9
1080 72.9
1081 72.9
1082 72.9
1083 72.9
1084 72.9
1085 72.9
1086 72.9
1087 72.9
1088 72.9
1089 72.9
1090 72.9
1091 72.9
1092 72.9
1093 72.9
1094 72.9
1095 72.9
1096 72.9
1097 72.9
1098 72.9
1099 72.9
1100 72.9
1101 72.9
1102 72.9
1103 72.9
1104 72.9
1105 72.9
1106 72.9
1107 72.9
1108 72.9
1109 72.9
1110 72.9
1111 72.9
1112 72.9
1113 72.9
1114 72.9
1115 72.9
1116 72.9
1117 72.9
1118 72.9
1119 72.9
1120 72.9
1121 72.9
1122 72.9
1123 72.9
1124 72.9
1125 72.9
1126 72.9
1127 72.9
1128 72.9
1129 72.9
1130 72.9
1131 72.9
1132 72.9
1133 72.9
1134 72.9
1135 72.9
1136 72.9
1137 72.9
1138 72.9
1139 72.9
1140 72.9
1141 72.9
1142 72.9
1143 72.9
1144 72.9
1145 72.9
1146 72.9
1147 72.9
1148 72.9
1149 72.9
1150 72.9
1151 72.9
1152 72.9
1153 72.9
1154 72.9
1155 72.9
1156 72.9
1157 72.9
1158 72.9
1159 72.9
1160 72.9
1161 72.9
1162 72.9
1163 72.9
1164 72.9
1165 72.9
1166 72.9
1167 72.9
1168 72.9
1169 72.9
1170 72.9
1171 72.9
1172 72.9
1173 72.9
1174 72.9
1175 72.9
1176 72.9
1177 72.9
1178 72.9
1179 72.9
1180 72.9
1181 72.9
1182 72.9
1183 72.9
1184 72.9
1185 72.9
1186 72.9
1187 72.9
1188 72.9
1189 72.9
1190 72.9
1191 72.9
1192 72.9
1193 72.9
1194 72.9
1195 72.9
1196 72.9
1197 72.9
1198 72.9
1199 72.9
1200 72.9
1201 72.9
1202 72.9
1203 72.9
1204 72.9
1205 72.9
1206 72.9
1207 72.9
1208 72.9
1209 72.9
1210 72.9
1211 72.9
1212 72.9
1213 72.9
1214 72.9
1215 72.9
1216 72.9
1217 72.9
1218 72.9
1219 72.9
1220 72.9
1221 72.9
1222 72.9
1223 72.9
1224 72.9
1225 72.9
1226 72.9
1227 72.9
1228 72.9
1229 72.9
1230 72.9
1231 72.9
1232 72.9
1233 72.9
1234 72.9
1235 72.9
1236 72.9
1237 72.9
1238 72.9
1239 72.9
1240 72.9
1241 72.9
1242 72.9
1243 72.9
1244 72.9
1245 72.9
1246 72.9
1247 72.9
1248 72.9
1249 72.9
1250 72.9
1251 72.9
1252 72.9
1253 72.9
1254 72.9
1255 72.9
1256 72.9
1257 72.9
1258 72.9
1259 72.9
1260 72.9
1261 72.9
1262 72.9
1263 72.9
1264 72.9
1265 72.9
1266 72.9
1267 72.9
1268 72.9
1269 72.9
1270 72.9
1271 72.9
1272 72.9
1273 72.9
1274 72.9
1275 72.9
1276 72.9
1277 72.9
1278 72.9
1279 72.9
1280 72.9
1281 72.9
1282 72.9
1283 72.9
1284 72.9
1285 72.9
1286 72.9
1287 72.9
1288 72.9
1289 72.9
1290 72.9
1291 72.9
1292 72.9
1293 72.9
1294 72.9
1295 72.9
1296 72.9
1297 72.9
1298 72.9
1299 72.9
1300 72.9
1301 72.9
1302 72.9
1303 72.9
1304 65.61
1305 65.61
1306 65.61
1307 65.61
1308 65.61
1309 65.61
1310 65.61
1311 65.61
1312 65.61
1313 65.61
1314 65.61
1315 65.61
1316 65.61
1317 65.61
1318 65.61
1319 65.61
1320 65.61
1321 65.61
1322 65.61
1323 65.61
1324 65.61
1325 65.61
1326 65.61
1327 65.61
1328 65.61
1329 65.61
1330 65.61
1331 65.61
1332 65.61
1333 65.61
1334 65.61
1335 65.61
1336 65.61
1337 65.61
1338 65.61
1339 65.61
1340 65.61
1341 65.61
1342 65.61
1343 65.61
1344 65.61
1345 65.61
1346 65.61
1347 65.61
1348 65.61
1349 65.61
1350 65.61
1351 65.61
1352 65.61
1353 65.61
1354 65.61
1355 65.61
1356 65.61
1357 65.61
1358 65.61
1359 65.61
1360 65.61
1361 65.61
1362 65.61
1363 65.61
1364 65.61
1365 65.61
1366 65.61
1367 65.61
1368 65.61
1369 65.61
1370 65.61
1371 65.61
1372 65.61
1373 65.61
1374 65.61
1375 65.61
1376 65.61
1377 65.61
1378 65.61
1379 65.61
1380 65.61
1381 65.61
1382 65.61
1383 65.61
1384 65.61
1385 65.61
1386 65.61
1387 65.61
1388 65.61
1389 65.61
1390 65.61
1391 65.61
1392 65.61
1393 65.61
1394 65.61
1395 65.61
1396 65.61
1397 65.61
1398 65.61
1399 65.61
1400 65.61
1401 65.61
1402 65.61
1403 65.61
1404 65.61
1405 65.61
1406 65.61
1407 65.61
1408 65.61
1409 65.61
1410 65.61
1411 65.61
1412 65.61
1413 65.61
1414 65.61
1415 65.61
1416 65.61
1417 65.61
1418 65.61
1419 65.61
1420 65.61
1421 65.61
1422 65.61
1423 65.61
1424 65.61
1425 65.61
1426 65.61
1427 65.61
1428 65.61
1429 65.61
1430 65.61
1431 65.61
1432 65.61
1433 65.61
1434 65.61
1435 65.61
1436 65.61
1437 65.61
1438 65.61
1439 65.61
1440 65.61
1441 65.61
1442 65.61
1443 65.61
1444 65.61
1445 65.61
1446 65.61
1447 65.61
1448 65.61
1449 65.61
1450 65.61
1451 65.61
1452 65.61
1453 65.61
1454 65.61
1455 65.61
1456 65.61
1457 65.61
1458 65.61
1459 65.61
1460 65.61
1461 65.61
1462 65.61
1463 65.61
1464 65.61
1465 65.61
1466 65.61
1467 65.61
1468 65.61
1469 65.61
1470 65.61
1471 65.61
1472 65.61
1473 65.61
1474 65.61
1475 65.61
1476 65.61
1477 65.61
1478 65.61
1479 65.61
1480 65.61
1481 65.61
1482 65.61
1483 65.61
1484 65.61
1485 65.61
1486 65.61
1487 65.61
1488 65.61
1489 65.61
1490 65.61
1491 65.61
1492 65.61
1493 65.61
1494 65.61
1495 65.61
1496 65.61
1497 65.61
1498 65.61
1499 65.61
1500 65.61
1501 65.61
1502 65.61
1503 65.61
1504 65.61
1505 65.61
1506 65.61
1507 65.61
1508 65.61
1509 65.61
1510 65.61
1511 65.61
1512 65.61
1513 65.61
1514 65.61
1515 65.61
1516 65.61
1517 65.61
1518 65.61
1519 65.61
1520 65.61
1521 65.61
1522 65.61
1523 65.61
1524 65.61
1525 65.61
1526 65.61
1527 65.61
1528 65.61
1529 65.61
1530 65.61
1531 65.61
1532 65.61
1533 65.61
1534 65.61
1535 65.61
1536 65.61
1537 65.61
1538 65.61
1539 65.61
1540 65.61
1541 65.61
1542 65.61
1543 65.61
1544 65.61
1545 65.61
1546 65.61
1547 59.049
1548 59.049
1549 59.049
1550 59.049
1551 59.049
1552 59.049
1553 59.049
1554 59.049
1555 59.049
1556 59.049
1557 59.049
1558 59.049
1559 59.049
1560 59.049
1561 59.049
1562 59.049
1563 59.049
1564 59.049
1565 59.049
1566 59.049
1567 59.049
1568 59.049
1569 59.049
1570 59.049
1571 59.049
1572 59.049
1573 59.049
1574 59.049
1575 59.049
1576 59.049
1577 59.049
1578 59.049
1579 59.049
1580 59.049
1581 59.049
1582 59.049
1583 59.049
1584 59.049
1585 59.049
1586 59.049
1587 59.049
1588 59.049
1589 59.049
1590 59.049
1591 59.049
1592 59.049
1593 59.049
1594 59.049
1595 59.049
1596 59.049
1597 59.049
1598 59.049
1599 59.049
1600 59.049
1601 59.049
1602 59.049
1603 59.049
1604 59.049
1605 59.049
1606 59.049
1607 59.049
1608 59.049
1609 59.049
1610 59.049
1611 59.049
1612 59.049
1613 59.049
1614 59.049
1615 59.049
1616 59.049
1617 59.049
1618 59.049
1619 59.049
1620 59.049
1621 59.049
1622 59.049
1623 59.049
1624 59.049
1625 59.049
1626 59.049
1627 59.049
1628 59.049
1629 59.049
1630 59.049
1631 59.049
1632 59.049
1633 59.049
1634 59.049
1635 59.049
1636 59.049
1637 59.049
1638 59.049
1639 59.049
1640 59.049
1641 59.049
1642 59.049
1643 59.049
1644 59.049
1645 59.049
1646 59.049
1647 59.049
1648 59.049
1649 59.049
1650 59.049
1651 59.049
1652 59.049
1653 59.049
1654 59.049
1655 59.049
1656 59.049
1657 59.049
1658 59.049
1659 59.049
1660 59.049
1661 59.049
1662 59.049
1663 59.049
1664 59.049
1665 59.049
1666 59.049
1667 59.049
1668 59.049
1669 59.049
1670 59.049
1671 59.049
1672 59.049
1673 59.049
1674 59.049
1675 59.049
1676 59.049
1677 59.049
1678 59.049
1679 59.049
1680 59.049
1681 59.049
1682 59.049
1683 59.049
1684 59.049
1685 59.049
1686 59.049
1687 59.049
1688 59.049
1689 59.049
1690 59.049
1691 59.049
1692 59.049
1693 59.049
1694 59.049
1695 59.049
1696 59.049
1697 59.049
1698 59.049
1699 59.049
1700 59.049
1701 59.049
1702 59.049
1703 59.049
1704 59.049
1705 59.049
1706 59.049
1707 59.049
1708 59.049
1709 59.049
1710 59.049
1711 59.049
1712 59.049
1713 59.049
1714 59.049
1715 59.049
1716 59.049
1717 59.049
1718 59.049
1719 59.049
1720 59.049
1721 59.049
1722 59.049
1723 59.049
1724 59.049
1725 59.049
1726 59.049
1727 59.049
1728 59.049
1729 59.049
1730 59.049
1731 59.049
1732 59.049
1733 59.049
1734 59.049
1735 59.049
1736 59.049
1737 59.049
1738 59.049
1739 59.049
1740 59.049
1741 59.049
1742 59.049
1743 59.049
1744 59.049
1745 59.049
1746 59.049
1747 59.049
1748 59.049
1749 59.049
1750 59.049
1751 59.049
1752 59.049
1753 59.049
1754 59.049
1755 59.049
1756 59.049
1757 59.049
1758 59.049
1759 59.049
1760 59.049
1761 59.049
1762 59.049
1763 59.049
1764 59.049
1765 59.049
1766 59.049
1767 59.049
