# num parameter s samples = 109
0.429891 -0.571702
0.859781 0.287707
1.5065 -0.724947
2.44172 -2.83201
3.44847 -0.156488
4.25941 -1.12281
5.19416 -3.13496
7.14294 -3.40768
8.20548 -1.50473
8.69952 -0.178785
9.18741 -0.724479
9.66575 0.872879
10.3013 0.547286
11.2678 -3.197
12.1705 -3.94472
13.182 -3.35978
14.3252 -2.2833
15.4855 -3.77893
17.1525 -2.06537
18.0127 -1.35625
18.3065 -0.0250631
18.6003 0.68937
18.894 0.964804
19.3801 -0.759387
19.9747 -3.43672
21.344 -3.43086
22.9873 -3.81119
24.3107 -2.83265
25.028 -1.08568
25.2762 -0.663089
25.5245 -1.33066
25.7728 -1.66007
26.0178 -1.88795
26.2276 -1.5801
26.4375 -1.30374
26.6474 -1.05466
26.8572 -0.811408
27.1049 -0.710678
27.4332 -0.992086
27.7614 -1.21553
28.1846 -1.21306
28.8604 -2.46569
29.9475 -3.17932
30.7289 -2.32759
31.2712 -1.70237
31.6922 -1.33797
32.1144 -1.13834
32.5402 -0.176726
32.9659 -1.07078
33.9904 -3.94924
36.1247 -3.17222
36.9385 -2.18917
37.4816 -0.806494
38.005 -0.339293
38.9733 -2.84619
39.8661 -0.692594
40.5876 -2.72303
41.1159 -0.163941
41.4029 2.30259
41.6899 0.0554971
41.9769 -1.19632
42.4539 -0.303841
42.9474 -2.50807
43.5001 -2.19224
44.1398 -4.32795
45.3216 -3.29815
46.1784 1.53371
46.8224 -1.82109
47.3146 -1.24457
47.749 -0.619255
48.1744 0.0365338
48.5875 1.86903
49.0009 -0.210833
49.6274 -2.42267
50.3084 -2.33181
51.1149 0.867524
52.6762 -4.01087
54.911 -2.75544
55.3722 2.30259
55.7664 -0.410444
56.0934 -0.238746
56.3226 -0.0473896
56.5518 -0.125797
56.781 -0.437748
57.0158 -0.968194
57.3699 -0.952011
57.7239 1.23612
58.1588 -1.78186
58.8804 -2.84673
59.9674 -2.28508
60.4074 -1.21538
60.8267 -1.20173
61.2254 -1.11188
61.6097 -0.858022
61.994 -0.819943
62.6902 -1.92786
63.6498 -3.05698
64.4991 -2.18649
65.1468 -0.860986
65.639 0.842392
66.1925 -1.70429
66.9143 -2.1882
67.7304 -1.33499
68.8658 -2.10007
70.2976 -2.74209
71.2485 -2.22966
72.4157 2.30259
74.2497 -2.67621
75 -1.75103
# num parameter s samples = 109
0.430592 -0.57023
0.861183 0.291217
1.51018 -0.735218
2.4501 -2.85719
3.45493 -0.0693468
4.26776 -1.08503
5.21095 -3.15277
7.16208 -2.87783
8.21273 -1.46332
8.70758 -0.218858
9.19599 -0.705107
9.67511 0.709914
10.3225 0.752023
11.288 -3.19925
12.1943 -3.92121
13.2145 -3.44652
14.3514 -2.2258
15.5352 -3.92046
17.18 -2.93526
18.0223 -1.29701
18.3166 0.00740481
18.6108 0.706916
18.905 0.965069
19.4034 -0.92868
19.999 -3.47245
21.415 -3.11652
23.0612 -3.73005
24.8481 -2.50667
26.0122 2.30259
26.3336 2.30259
26.6551 2.30259
26.9765 2.30259
27.561 -3.87464
28.0766 2.30259
28.3556 2.30259
28.6346 2.30259
28.9136 2.30259
29.5011 -2.69894
30.1455 0.749889
30.6104 -0.217499
31.1097 -1.26446
31.7865 -2.07216
32.819 -3.47926
33.6481 -2.30085
34.2273 -1.76976
34.649 -1.35456
35.0714 -1.21247
35.4979 -0.327263
35.9243 -0.744019
36.8868 -3.90946
39.0478 -3.63595
39.8629 -2.18332
40.4341 -0.929046
40.956 0.199074
41.8881 -2.99394
42.7891 0.18472
43.5289 -2.92114
44.092 -0.326004
44.3795 2.30259
44.667 0.153411
44.9545 -1.0856
45.416 -0.762713
45.9104 -2.48016
46.459 -2.15573
47.0459 -3.91583
48.2559 -3.47871
49.1343 -0.105335
49.7794 -1.80663
50.2863 -1.29172
50.7213 -0.654412
51.1488 -0.0189785
51.5626 1.57855
51.9764 -0.092343
52.5916 -2.35779
53.2662 -2.39181
54.0475 1.81705
55.556 -3.48829
57.8308 -2.98926
58.3529 2.16259
58.7478 -0.402118
59.0829 -0.255038
59.3125 -0.0497196
59.5421 -0.117618
59.7717 -0.420534
60.002 -0.961786
60.3566 -0.962474
60.7112 0.809973
61.1341 -1.75744
61.8569 -2.79383
62.9315 -2.4188
63.3951 -1.22611
63.815 -1.19486
64.2154 -1.12088
64.6003 -0.861998
64.9853 -0.817442
65.6753 -1.90933
66.627 -3.02151
67.4863 -2.20816
68.1387 -0.889892
68.6318 0.935134
69.1831 -1.68547
69.9061 -2.19635
70.7223 -1.33972
71.8553 -2.05412
73.2915 -2.75197
74.2439 -2.23504
75.4094 2.30259
77.2485 -2.67776
78 -1.75103
