# num spline points = 109
0.0168787
0.0168546
0.0168488
0.0168262
0.0167838
0.0168251
0.0167711
0.0167611
0.0167358
0.0167039
0.0166855
0.0166653
0.0166542
0.0166388
0.016657
0.0166563
0.0166655
0.0166714
0.0166661
0.0166918
0.0167263
0.0167504
0.0167992
0.0168243
0.0168273
0.0168462
0.0168482
0.0168323
0.0168215
0.0167794
0.0167634
0.0167665
0.0167995
0.0167744
0.0167629
0.0167602
0.0167684
0.0167703
0.0167736
0.0167751
0.0167855
0.0167781
0.0167993
0.0168007
0.0168011
0.0167751
0.016774
0.0167554
0.0167331
0.0167276
0.0167486
0.0167437
0.0167462
0.0167456
0.0167472
0.0167604
0.0167865
0.0167897
0.0168207
0.0169
0.0168799
0.0168825
0.0169019
0.016907
0.0159219
0.0162588
0.016317
0.0163243
0.0163559
0.0163801
0.0165263
0.0165544
0.0165132
0.0166058
0.0165849
0.0165797
0.0166672
0.0166396
0.0167873
0.0167846
0.016843
0.0168547
0.0169057
0.0169034
0.0168508
0.0168479
0.0168045
0.0167993
0.0167881
0.0167936
0.0167494
0.0167382
0.0167523
0.0167595
0.016763
0.0167807
0.0167725
0.0167843
0.016771
0.0167493
0.0167432
0.0167443
0.0167185
0.0166738
0.0167005
0.0166685
0.0166296
0.0166624
0.0169006
