
Reading input files...

Reading input files complete.

Number of input files = 1
Number of objects     = 1
Number of contours    = 1
Number of raw points  = 75

Filtering contour points for d000_apical_ on sections 99 to 99 (object 1 of 1)
Writing output contours.

Spline deviation statistics--------------------------------

       N        109
       min      2.1684e-19
       max      0.0017826
       mean     0.00038519
       variance 1.63909e-07

          0 - 0            :         0  | 0.0007177 - 0.0008257   :         4
          0 - 6.996e-05    :        27  | 0.0008257 - 0.0009337   :         3
  6.996e-05 - 0.0001779    :        14  | 0.0009337 - 0.001042    :         5
  0.0001779 - 0.0002859    :        20  |  0.001042 - 0.00115     :         2
  0.0002859 - 0.0003938    :         9  |   0.00115 - 0.001258    :         0
  0.0003938 - 0.0005018    :         7  |  0.001258 - 0.001365    :         1
  0.0005018 - 0.0006098    :         6  |  0.001365 - 0.001473    :         1
  0.0006098 - 0.0007177    :         7  |  0.001473 - 0.001783    :         3

Spline sample interval before filtering statistics--------------------------------

       N        109
       min      0.0121983
       max      0.0206739
       mean     0.0167517
       variance 2.73277e-06

          0 - 0            :         0  |   0.01631 - 0.01675     :        12
          0 - 0.01367      :         6  |   0.01675 - 0.01719     :        18
    0.01367 - 0.01411      :         2  |   0.01719 - 0.01763     :        14
    0.01411 - 0.01455      :         1  |   0.01763 - 0.01807     :         3
    0.01455 - 0.01499      :         6  |   0.01807 - 0.01852     :        10
    0.01499 - 0.01543      :         7  |   0.01852 - 0.01896     :         7
    0.01543 - 0.01587      :         4  |   0.01896 - 0.0194      :         3
    0.01587 - 0.01631      :        12  |    0.0194 - 0.02067     :         4

Spline sample interval after filtering statistics--------------------------------

       N        109
       min      0.0159219
       max      0.016907
       mean     0.0167317
       variance 2.09038e-08

          0 - 0            :         0  |   0.01669 - 0.01673     :         5
          0 - 0.01646      :         6  |   0.01673 - 0.01677     :        24
    0.01646 - 0.0165       :         0  |   0.01677 - 0.01681     :        28
     0.0165 - 0.01654      :         2  |   0.01681 - 0.01685     :         9
    0.01654 - 0.01658      :         1  |   0.01685 - 0.01689     :         9
    0.01658 - 0.01662      :         3  |   0.01689 - 0.01692     :         6
    0.01662 - 0.01665      :         4  |   0.01692 - 0.01696     :         0
    0.01665 - 0.01669      :        12  |   0.01696 - 0.01691     :         0


