# num spline points = 0
5.59781 5.63457
5.61007 5.61742
5.64683 5.58556
5.66153 5.5733
5.66889 5.5684
5.68359 5.54879
5.6983 5.53409
5.7032 5.52428
5.7032 5.51938
5.7081 5.51448
5.713 5.47527
5.72281 5.43605
5.72281 5.42625
5.73506 5.40664
5.75467 5.40664
5.76447 5.40909
5.78163 5.4238
5.78653 5.4287
5.78898 5.4385
5.79388 5.44341
5.80614 5.52183
5.80859 5.54144
5.81594 5.55124
5.81594 5.56105
5.82084 5.57085
5.82084 5.58065
5.82574 5.59046
5.82819 5.66889
5.87721 5.74486
5.90907 5.78163
5.92623 5.79633
5.93113 5.80614
5.93358 5.82574
5.95319 5.86496
5.98015 5.90172
5.98505 5.91152
5.98505 5.91643
5.98995 5.92133
5.98995 5.94093
6.00221 5.98015
6.00466 5.98995
6.01691 6.00956
6.02181 6.01936
6.03652 6.09779
6.04632 6.1174
6.04877 6.15661
6.03897 6.15906
6.02426 6.14681
6.00711 6.12965
5.9728 6.10759
5.93358 6.08554
5.91397 6.07328
5.89927 6.05367
5.89192 6.04387
5.88701 6.03897
5.88701 6.03407
5.88211 6.03162
5.86496 5.99485
5.81839 5.91888
5.78898 5.88701
5.77672 5.86741
5.77672 5.86251
5.74731 5.82574
5.71055 5.79388
5.6934 5.78163
5.68359 5.77672
5.66889 5.75957
5.64683 5.72526
5.63457 5.71055
5.61742 5.69585
5.60761 5.68849
5.60271 5.68359
5.59781 5.66398
5.59781 5.64438
5.59781 5.63702
