
Reading input files...

Reading input files complete.

Number of input files = 1
Number of objects     = 1
Number of contours    = 1
Number of raw points  = 75

Filtering contour points for d000_apical_ on sections 99 to 99 (object 1 of 1)
Writing output contours.

Spline deviation statistics--------------------------------

       N        75
       min      0
       max      0
       mean     0
       variance 0

          0 - 0            :        75  |         0 - 0           :         0
          0 - 0            :         0  |         0 - 0           :         0
          0 - 0            :         0  |         0 - 0           :         0
          0 - 0            :         0  |         0 - 0           :         0
          0 - 0            :         0  |         0 - 0           :         0
          0 - 0            :         0  |         0 - 0           :         0
          0 - 0            :         0  |         0 - 0           :         0
          0 - 0            :         0  |         0 - 0           :         0

Spline sample interval before filtering statistics--------------------------------

       N        75
       min      0.00245
       max      0.0904124
       mean     0.0247479
       variance 0.000424111

          0 - 0            :         0  |   0.03437 - 0.03986     :         2
          0 - 0.001415     :         0  |   0.03986 - 0.04535     :         8
   0.001415 - 0.006906     :         6  |   0.04535 - 0.05084     :         5
   0.006906 - 0.0124       :        25  |   0.05084 - 0.05633     :         0
     0.0124 - 0.01789      :         0  |   0.05633 - 0.06182     :         0
    0.01789 - 0.02338      :        21  |   0.06182 - 0.06732     :         0
    0.02338 - 0.02887      :         3  |   0.06732 - 0.07281     :         0
    0.02887 - 0.03437      :         0  |   0.07281 - 0.09041     :         5

Spline sample interval after filtering statistics--------------------------------

       N        75
       min      0.00245
       max      0.0904124
       mean     0.0247479
       variance 0.000424111

          0 - 0            :         0  |   0.03437 - 0.03986     :         2
          0 - 0.001415     :         0  |   0.03986 - 0.04535     :         8
   0.001415 - 0.006906     :         6  |   0.04535 - 0.05084     :         5
   0.006906 - 0.0124       :        25  |   0.05084 - 0.05633     :         0
     0.0124 - 0.01789      :         0  |   0.05633 - 0.06182     :         0
    0.01789 - 0.02338      :        21  |   0.06182 - 0.06732     :         0
    0.02338 - 0.02887      :         3  |   0.06732 - 0.07281     :         0
    0.02887 - 0.03437      :         0  |   0.07281 - 0.09041     :         5


