# num points = 1528
0 100
1 100
2 100
3 100
4 100
5 100
6 100
7 100
8 100
9 100
10 100
11 100
12 100
13 100
14 100
15 100
16 100
17 100
18 100
19 100
20 100
21 100
22 100
23 100
24 100
25 100
26 100
27 100
28 100
29 100
30 100
31 100
32 100
33 90
34 90
35 90
36 90
37 90
38 90
39 90
40 90
41 90
42 90
43 90
44 90
45 90
46 90
47 90
48 90
49 90
50 90
51 90
52 90
53 90
54 90
55 90
56 90
57 90
58 90
59 90
60 90
61 90
62 90
63 90
64 90
65 90
66 81
67 81
68 81
69 81
70 81
71 81
72 81
73 81
74 81
75 81
76 81
77 81
78 81
79 81
80 81
81 81
82 81
83 81
84 81
85 81
86 81
87 81
88 81
89 81
90 81
91 81
92 81
93 81
94 81
95 81
96 81
97 81
98 81
99 72.9
100 72.9
101 72.9
102 72.9
103 72.9
104 72.9
105 72.9
106 72.9
107 72.9
108 72.9
109 72.9
110 72.9
111 72.9
112 72.9
113 72.9
114 72.9
115 72.9
116 72.9
117 72.9
118 72.9
119 72.9
120 72.9
121 72.9
122 72.9
123 72.9
124 72.9
125 72.9
126 72.9
127 72.9
128 72.9
129 72.9
130 72.9
131 72.9
132 65.61
133 65.61
134 65.61
135 65.61
136 65.61
137 65.61
138 65.61
139 65.61
140 65.61
141 65.61
142 65.61
143 65.61
144 65.61
145 65.61
146 65.61
147 65.61
148 65.61
149 65.61
150 65.61
151 65.61
152 65.61
153 65.61
154 65.61
155 65.61
156 65.61
157 65.61
158 65.61
159 65.61
160 65.61
161 65.61
162 65.61
163 65.61
164 65.61
165 59.049
166 59.049
167 59.049
168 59.049
169 59.049
170 59.049
171 59.049
172 59.049
173 59.049
174 59.049
175 59.049
176 59.049
177 59.049
178 59.049
179 59.049
180 59.049
181 59.049
182 59.049
183 59.049
184 59.049
185 59.049
186 59.049
187 59.049
188 59.049
189 59.049
190 59.049
191 59.049
192 59.049
193 59.049
194 59.049
195 59.049
196 59.049
197 59.049
198 53.1441
199 53.1441
200 53.1441
201 53.1441
202 53.1441
203 53.1441
204 53.1441
205 53.1441
206 53.1441
207 53.1441
208 53.1441
209 53.1441
210 53.1441
211 53.1441
212 53.1441
213 53.1441
214 53.1441
215 53.1441
216 53.1441
217 53.1441
218 53.1441
219 53.1441
220 53.1441
221 53.1441
222 53.1441
223 53.1441
224 53.1441
225 53.1441
226 53.1441
227 53.1441
228 53.1441
229 53.1441
230 53.1441
231 47.8297
232 47.8297
233 47.8297
234 47.8297
235 47.8297
236 47.8297
237 47.8297
238 47.8297
239 47.8297
240 47.8297
241 47.8297
242 47.8297
243 47.8297
244 47.8297
245 47.8297
246 47.8297
247 47.8297
248 47.8297
249 47.8297
250 47.8297
251 47.8297
252 47.8297
253 47.8297
254 47.8297
255 47.8297
256 47.8297
257 47.8297
258 47.8297
259 47.8297
260 47.8297
261 47.8297
262 47.8297
263 47.8297
264 43.0467
265 43.0467
266 43.0467
267 43.0467
268 43.0467
269 43.0467
270 43.0467
271 43.0467
272 43.0467
273 43.0467
274 43.0467
275 43.0467
276 43.0467
277 43.0467
278 43.0467
279 43.0467
280 43.0467
281 43.0467
282 43.0467
283 43.0467
284 43.0467
285 43.0467
286 43.0467
287 43.0467
288 43.0467
289 43.0467
290 43.0467
291 43.0467
292 43.0467
293 43.0467
294 43.0467
295 43.0467
296 43.0467
297 38.742
298 38.742
299 38.742
300 38.742
301 38.742
302 38.742
303 38.742
304 38.742
305 38.742
306 38.742
307 38.742
308 38.742
309 38.742
310 38.742
311 38.742
312 38.742
313 38.742
314 38.742
315 38.742
316 38.742
317 38.742
318 38.742
319 38.742
320 38.742
321 38.742
322 38.742
323 38.742
324 38.742
325 38.742
326 38.742
327 38.742
328 38.742
329 38.742
330 34.8678
331 34.8678
332 34.8678
333 34.8678
334 34.8678
335 34.8678
336 34.8678
337 34.8678
338 34.8678
339 34.8678
340 34.8678
341 34.8678
342 34.8678
343 34.8678
344 34.8678
345 34.8678
346 34.8678
347 34.8678
348 34.8678
349 34.8678
350 34.8678
351 34.8678
352 34.8678
353 34.8678
354 34.8678
355 34.8678
356 34.8678
357 34.8678
358 34.8678
359 34.8678
360 34.8678
361 34.8678
362 34.8678
363 31.3811
364 31.3811
365 31.3811
366 31.3811
367 31.3811
368 31.3811
369 31.3811
370 31.3811
371 31.3811
372 31.3811
373 31.3811
374 31.3811
375 31.3811
376 31.3811
377 31.3811
378 31.3811
379 31.3811
380 31.3811
381 31.3811
382 31.3811
383 31.3811
384 31.3811
385 31.3811
386 31.3811
387 31.3811
388 31.3811
389 31.3811
390 31.3811
391 31.3811
392 31.3811
393 31.3811
394 31.3811
395 31.3811
396 28.243
397 28.243
398 28.243
399 28.243
400 28.243
401 28.243
402 28.243
403 28.243
404 28.243
405 28.243
406 28.243
407 28.243
408 28.243
409 28.243
410 28.243
411 28.243
412 28.243
413 28.243
414 28.243
415 28.243
416 28.243
417 28.243
418 28.243
419 28.243
420 28.243
421 28.243
422 28.243
423 28.243
424 28.243
425 28.243
426 28.243
427 28.243
428 28.243
429 25.4187
430 25.4187
431 25.4187
432 25.4187
433 25.4187
434 25.4187
435 25.4187
436 25.4187
437 25.4187
438 25.4187
439 25.4187
440 25.4187
441 25.4187
442 25.4187
443 25.4187
444 25.4187
445 25.4187
446 25.4187
447 25.4187
448 25.4187
449 25.4187
450 25.4187
451 25.4187
452 25.4187
453 25.4187
454 25.4187
455 25.4187
456 25.4187
457 25.4187
458 25.4187
459 25.4187
460 25.4187
461 25.4187
462 22.8768
463 22.8768
464 22.8768
465 22.8768
466 22.8768
467 22.8768
468 22.8768
469 22.8768
470 22.8768
471 22.8768
472 22.8768
473 22.8768
474 22.8768
475 22.8768
476 22.8768
477 22.8768
478 22.8768
479 22.8768
480 22.8768
481 22.8768
482 22.8768
483 22.8768
484 22.8768
485 22.8768
486 22.8768
487 22.8768
488 22.8768
489 22.8768
490 22.8768
491 22.8768
492 22.8768
493 22.8768
494 22.8768
495 20.5891
496 20.5891
497 20.5891
498 20.5891
499 20.5891
500 20.5891
501 20.5891
502 20.5891
503 20.5891
504 20.5891
505 20.5891
506 20.5891
507 20.5891
508 20.5891
509 20.5891
510 20.5891
511 20.5891
512 20.5891
513 20.5891
514 20.5891
515 20.5891
516 20.5891
517 20.5891
518 20.5891
519 20.5891
520 20.5891
521 20.5891
522 20.5891
523 20.5891
524 20.5891
525 20.5891
526 20.5891
527 20.5891
528 18.5302
529 18.5302
530 18.5302
531 18.5302
532 18.5302
533 18.5302
534 18.5302
535 18.5302
536 18.5302
537 18.5302
538 18.5302
539 18.5302
540 18.5302
541 18.5302
542 18.5302
543 18.5302
544 18.5302
545 18.5302
546 18.5302
547 18.5302
548 18.5302
549 18.5302
550 18.5302
551 18.5302
552 18.5302
553 18.5302
554 18.5302
555 18.5302
556 18.5302
557 18.5302
558 18.5302
559 18.5302
560 18.5302
561 16.6772
562 16.6772
563 16.6772
564 16.6772
565 16.6772
566 16.6772
567 16.6772
568 16.6772
569 16.6772
570 16.6772
571 16.6772
572 16.6772
573 16.6772
574 16.6772
575 16.6772
576 16.6772
577 16.6772
578 16.6772
579 16.6772
580 16.6772
581 16.6772
582 16.6772
583 16.6772
584 16.6772
585 16.6772
586 16.6772
587 16.6772
588 16.6772
589 16.6772
590 16.6772
591 16.6772
592 16.6772
593 16.6772
594 15.0095
595 15.0095
596 15.0095
597 15.0095
598 15.0095
599 15.0095
600 15.0095
601 15.0095
602 15.0095
603 15.0095
604 15.0095
605 15.0095
606 15.0095
607 15.0095
608 15.0095
609 15.0095
610 15.0095
611 15.0095
612 15.0095
613 15.0095
614 15.0095
615 15.0095
616 15.0095
617 15.0095
618 15.0095
619 15.0095
620 15.0095
621 15.0095
622 15.0095
623 15.0095
624 15.0095
625 15.0095
626 15.0095
627 13.5085
628 13.5085
629 13.5085
630 13.5085
631 13.5085
632 13.5085
633 13.5085
634 13.5085
635 13.5085
636 13.5085
637 13.5085
638 13.5085
639 13.5085
640 13.5085
641 13.5085
642 13.5085
643 13.5085
644 13.5085
645 13.5085
646 13.5085
647 13.5085
648 13.5085
649 13.5085
650 13.5085
651 13.5085
652 13.5085
653 13.5085
654 13.5085
655 13.5085
656 13.5085
657 13.5085
658 13.5085
659 13.5085
660 12.1577
661 12.1577
662 12.1577
663 12.1577
664 12.1577
665 12.1577
666 12.1577
667 12.1577
668 12.1577
669 12.1577
670 12.1577
671 12.1577
672 12.1577
673 12.1577
674 12.1577
675 12.1577
676 12.1577
677 12.1577
678 12.1577
679 12.1577
680 12.1577
681 12.1577
682 12.1577
683 12.1577
684 12.1577
685 12.1577
686 12.1577
687 12.1577
688 12.1577
689 12.1577
690 12.1577
691 12.1577
692 12.1577
693 10.9419
694 10.9419
695 10.9419
696 10.9419
697 10.9419
698 10.9419
699 10.9419
700 10.9419
701 10.9419
702 10.9419
703 10.9419
704 10.9419
705 10.9419
706 10.9419
707 10.9419
708 10.9419
709 10.9419
710 10.9419
711 10.9419
712 10.9419
713 10.9419
714 10.9419
715 10.9419
716 10.9419
717 10.9419
718 10.9419
719 10.9419
720 10.9419
721 10.9419
722 10.9419
723 10.9419
724 10.9419
725 10.9419
726 9.84771
727 9.84771
728 9.84771
729 9.84771
730 9.84771
731 9.84771
732 9.84771
733 9.84771
734 9.84771
735 9.84771
736 9.84771
737 9.84771
738 9.84771
739 9.84771
740 9.84771
741 9.84771
742 9.84771
743 9.84771
744 9.84771
745 9.84771
746 9.84771
747 9.84771
748 9.84771
749 9.84771
750 9.84771
751 9.84771
752 9.84771
753 9.84771
754 9.84771
755 9.84771
756 9.84771
757 9.84771
758 9.84771
759 8.86294
760 8.86294
761 8.86294
762 8.86294
763 8.86294
764 8.86294
765 8.86294
766 8.86294
767 8.86294
768 8.86294
769 8.86294
770 8.86294
771 8.86294
772 8.86294
773 8.86294
774 8.86294
775 8.86294
776 8.86294
777 8.86294
778 8.86294
779 8.86294
780 8.86294
781 8.86294
782 8.86294
783 8.86294
784 8.86294
785 8.86294
786 8.86294
787 8.86294
788 8.86294
789 8.86294
790 8.86294
791 8.86294
792 7.97664
793 7.97664
794 7.97664
795 7.97664
796 7.97664
797 7.97664
798 7.97664
799 7.97664
800 7.97664
801 7.97664
802 7.97664
803 7.97664
804 7.97664
805 7.97664
806 7.97664
807 7.97664
808 7.97664
809 7.97664
810 7.97664
811 7.97664
812 7.97664
813 7.97664
814 7.97664
815 7.97664
816 7.97664
817 7.97664
818 7.97664
819 7.97664
820 7.97664
821 7.97664
822 7.97664
823 7.97664
824 7.97664
825 7.17898
826 7.17898
827 7.17898
828 7.17898
829 7.17898
830 7.17898
831 7.17898
832 7.17898
833 7.17898
834 7.17898
835 7.17898
836 7.17898
837 7.17898
838 7.17898
839 7.17898
840 7.17898
841 7.17898
842 7.17898
843 7.17898
844 7.17898
845 7.17898
846 7.17898
847 7.17898
848 7.17898
849 7.17898
850 7.17898
851 7.17898
852 7.17898
853 7.17898
854 7.17898
855 7.17898
856 7.17898
857 7.17898
858 6.46108
859 6.46108
860 6.46108
861 6.46108
862 6.46108
863 6.46108
864 6.46108
865 6.46108
866 6.46108
867 6.46108
868 6.46108
869 6.46108
870 6.46108
871 6.46108
872 6.46108
873 6.46108
874 6.46108
875 6.46108
876 6.46108
877 6.46108
878 6.46108
879 6.46108
880 6.46108
881 6.46108
882 6.46108
883 6.46108
884 6.46108
885 6.46108
886 6.46108
887 6.46108
888 6.46108
889 6.46108
890 6.46108
891 5.81497
892 5.81497
893 5.81497
894 5.81497
895 5.81497
896 5.81497
897 5.81497
898 5.81497
899 5.81497
900 5.81497
901 5.81497
902 5.81497
903 5.81497
904 5.81497
905 5.81497
906 5.81497
907 5.81497
908 5.81497
909 5.81497
910 5.81497
911 5.81497
912 5.81497
913 5.81497
914 5.81497
915 5.81497
916 5.81497
917 5.81497
918 5.81497
919 5.81497
920 5.81497
921 5.81497
922 5.81497
923 5.81497
924 5.23348
925 5.23348
926 5.23348
927 5.23348
928 5.23348
929 5.23348
930 5.23348
931 5.23348
932 5.23348
933 5.23348
934 5.23348
935 5.23348
936 5.23348
937 5.23348
938 5.23348
939 5.23348
940 5.23348
941 5.23348
942 5.23348
943 5.23348
944 5.23348
945 5.23348
946 5.23348
947 5.23348
948 5.23348
949 5.23348
950 5.23348
951 5.23348
952 5.23348
953 5.23348
954 5.23348
955 5.23348
956 5.23348
957 4.71013
958 4.71013
959 4.71013
960 4.71013
961 4.71013
962 4.71013
963 4.71013
964 4.71013
965 4.71013
966 4.71013
967 4.71013
968 4.71013
969 4.71013
970 4.71013
971 4.71013
972 4.71013
973 4.71013
974 4.71013
975 4.71013
976 4.71013
977 4.71013
978 4.71013
979 4.71013
980 4.71013
981 4.71013
982 4.71013
983 4.71013
984 4.71013
985 4.71013
986 4.71013
987 4.71013
988 4.71013
989 4.71013
990 4.23912
991 4.23912
992 4.23912
993 4.23912
994 4.23912
995 4.23912
996 4.23912
997 4.23912
998 4.23912
999 4.23912
1000 4.23912
1001 4.23912
1002 4.23912
1003 4.23912
1004 4.23912
1005 4.23912
1006 4.23912
1007 4.23912
1008 4.23912
1009 4.23912
1010 4.23912
1011 4.23912
1012 4.23912
1013 4.23912
1014 4.23912
1015 4.23912
1016 4.23912
1017 4.23912
1018 4.23912
1019 4.23912
1020 4.23912
1021 4.23912
1022 4.23912
1023 3.8152
1024 3.8152
1025 3.8152
1026 3.8152
1027 3.8152
1028 3.8152
1029 3.8152
1030 3.8152
1031 3.8152
1032 3.8152
1033 3.8152
1034 3.8152
1035 3.8152
1036 3.8152
1037 3.8152
1038 3.8152
1039 3.8152
1040 3.8152
1041 3.8152
1042 3.8152
1043 3.8152
1044 3.8152
1045 3.8152
1046 3.8152
1047 3.8152
1048 3.8152
1049 3.8152
1050 3.8152
1051 3.8152
1052 3.8152
1053 3.8152
1054 3.8152
1055 3.8152
1056 3.43368
1057 3.43368
1058 3.43368
1059 3.43368
1060 3.43368
1061 3.43368
1062 3.43368
1063 3.43368
1064 3.43368
1065 3.43368
1066 3.43368
1067 3.43368
1068 3.43368
1069 3.43368
1070 3.43368
1071 3.43368
1072 3.43368
1073 3.43368
1074 3.43368
1075 3.43368
1076 3.43368
1077 3.43368
1078 3.43368
1079 3.43368
1080 3.43368
1081 3.43368
1082 3.43368
1083 3.43368
1084 3.43368
1085 3.43368
1086 3.43368
1087 3.43368
1088 3.43368
1089 3.09032
1090 3.09032
1091 3.09032
1092 3.09032
1093 3.09032
1094 3.09032
1095 3.09032
1096 3.09032
1097 3.09032
1098 3.09032
1099 3.09032
1100 3.09032
1101 3.09032
1102 3.09032
1103 3.09032
1104 3.09032
1105 3.09032
1106 3.09032
1107 3.09032
1108 3.09032
1109 3.09032
1110 3.09032
1111 3.09032
1112 3.09032
1113 3.09032
1114 3.09032
1115 3.09032
1116 3.09032
1117 3.09032
1118 3.09032
1119 3.09032
1120 3.09032
1121 3.09032
1122 2.78128
1123 2.78128
1124 2.78128
1125 2.78128
1126 2.78128
1127 2.78128
1128 2.78128
1129 2.78128
1130 2.78128
1131 2.78128
1132 2.78128
1133 2.78128
1134 2.78128
1135 2.78128
1136 2.78128
1137 2.78128
1138 2.78128
1139 2.78128
1140 2.78128
1141 2.78128
1142 2.78128
1143 2.78128
1144 2.78128
1145 2.78128
1146 2.78128
1147 2.78128
1148 2.78128
1149 2.78128
1150 2.78128
1151 2.78128
1152 2.78128
1153 2.78128
1154 2.78128
1155 2.50316
1156 2.50316
1157 2.50316
1158 2.50316
1159 2.50316
1160 2.50316
1161 2.50316
1162 2.50316
1163 2.50316
1164 2.50316
1165 2.50316
1166 2.50316
1167 2.50316
1168 2.50316
1169 2.50316
1170 2.50316
1171 2.50316
1172 2.50316
1173 2.50316
1174 2.50316
1175 2.50316
1176 2.50316
1177 2.50316
1178 2.50316
1179 2.50316
1180 2.50316
1181 2.50316
1182 2.50316
1183 2.50316
1184 2.50316
1185 2.50316
1186 2.50316
1187 2.50316
1188 2.25284
1189 2.25284
1190 2.25284
1191 2.25284
1192 2.25284
1193 2.25284
1194 2.25284
1195 2.25284
1196 2.25284
1197 2.25284
1198 2.25284
1199 2.25284
1200 2.25284
1201 2.25284
1202 2.25284
1203 2.25284
1204 2.25284
1205 2.25284
1206 2.25284
1207 2.25284
1208 2.25284
1209 2.25284
1210 2.25284
1211 2.25284
1212 2.25284
1213 2.25284
1214 2.25284
1215 2.25284
1216 2.25284
1217 2.25284
1218 2.25284
1219 2.25284
1220 2.25284
1221 2.02756
1222 2.02756
1223 2.02756
1224 2.02756
1225 2.02756
1226 2.02756
1227 2.02756
1228 2.02756
1229 2.02756
1230 2.02756
1231 2.02756
1232 2.02756
1233 2.02756
1234 2.02756
1235 2.02756
1236 2.02756
1237 2.02756
1238 2.02756
1239 2.02756
1240 2.02756
1241 2.02756
1242 2.02756
1243 2.02756
1244 2.02756
1245 2.02756
1246 2.02756
1247 2.02756
1248 2.02756
1249 2.02756
1250 2.02756
1251 2.02756
1252 2.02756
1253 2.02756
1254 1.8248
1255 1.8248
1256 1.8248
1257 1.8248
1258 1.8248
1259 1.8248
1260 1.8248
1261 1.8248
1262 1.8248
1263 1.8248
1264 1.8248
1265 1.8248
1266 1.8248
1267 1.8248
1268 1.8248
1269 1.8248
1270 1.8248
1271 1.8248
1272 1.8248
1273 1.8248
1274 1.8248
1275 1.8248
1276 1.8248
1277 1.8248
1278 1.8248
1279 1.8248
1280 1.8248
1281 1.8248
1282 1.8248
1283 1.8248
1284 1.8248
1285 1.8248
1286 1.8248
1287 1.64232
1288 1.64232
1289 1.64232
1290 1.64232
1291 1.64232
1292 1.64232
1293 1.64232
1294 1.64232
1295 1.64232
1296 1.64232
1297 1.64232
1298 1.64232
1299 1.64232
1300 1.64232
1301 1.64232
1302 1.64232
1303 1.64232
1304 1.64232
1305 1.64232
1306 1.64232
1307 1.64232
1308 1.64232
1309 1.64232
1310 1.64232
1311 1.64232
1312 1.64232
1313 1.64232
1314 1.64232
1315 1.64232
1316 1.64232
1317 1.64232
1318 1.64232
1319 1.64232
1320 1.47809
1321 1.47809
1322 1.47809
1323 1.47809
1324 1.47809
1325 1.47809
1326 1.47809
1327 1.47809
1328 1.47809
1329 1.47809
1330 1.47809
1331 1.47809
1332 1.47809
1333 1.47809
1334 1.47809
1335 1.47809
1336 1.47809
1337 1.47809
1338 1.47809
1339 1.47809
1340 1.47809
1341 1.47809
1342 1.47809
1343 1.47809
1344 1.47809
1345 1.47809
1346 1.47809
1347 1.47809
1348 1.47809
1349 1.47809
1350 1.47809
1351 1.47809
1352 1.47809
1353 1.33028
1354 1.33028
1355 1.33028
1356 1.33028
1357 1.33028
1358 1.33028
1359 1.33028
1360 1.33028
1361 1.33028
1362 1.33028
1363 1.33028
1364 1.33028
1365 1.33028
1366 1.33028
1367 1.33028
1368 1.33028
1369 1.33028
1370 1.33028
1371 1.33028
1372 1.33028
1373 1.33028
1374 1.33028
1375 1.33028
1376 1.33028
1377 1.33028
1378 1.33028
1379 1.33028
1380 1.33028
1381 1.33028
1382 1.33028
1383 1.33028
1384 1.33028
1385 1.33028
1386 1.19725
1387 1.19725
1388 1.19725
1389 1.19725
1390 1.19725
1391 1.19725
1392 1.19725
1393 1.19725
1394 1.19725
1395 1.19725
1396 1.19725
1397 1.19725
1398 1.19725
1399 1.19725
1400 1.19725
1401 1.19725
1402 1.19725
1403 1.19725
1404 1.19725
1405 1.19725
1406 1.19725
1407 1.19725
1408 1.19725
1409 1.19725
1410 1.19725
1411 1.19725
1412 1.19725
1413 1.19725
1414 1.19725
1415 1.19725
1416 1.19725
1417 1.19725
1418 1.19725
1419 1.07753
1420 1.07753
1421 1.07753
1422 1.07753
1423 1.07753
1424 1.07753
1425 1.07753
1426 1.07753
1427 1.07753
1428 1.07753
1429 1.07753
1430 1.07753
1431 1.07753
1432 1.07753
1433 1.07753
1434 1.07753
1435 1.07753
1436 1.07753
1437 1.07753
1438 1.07753
1439 1.07753
1440 1.07753
1441 1.07753
1442 1.07753
1443 1.07753
1444 1.07753
1445 1.07753
1446 1.07753
1447 1.07753
1448 1.07753
1449 1.07753
1450 1.07753
1451 1.07753
1452 0.969774
1453 0.969774
1454 0.969774
1455 0.969774
1456 0.969774
1457 0.969774
1458 0.969774
1459 0.969774
1460 0.969774
1461 0.969774
1462 0.969774
1463 0.969774
1464 0.969774
1465 0.969774
1466 0.969774
1467 0.969774
1468 0.969774
1469 0.969774
1470 0.969774
1471 0.969774
1472 0.969774
1473 0.969774
1474 0.969774
1475 0.969774
1476 0.969774
1477 0.969774
1478 0.872796
1479 0.872796
1480 0.872796
1481 0.872796
1482 0.872796
1483 0.872796
1484 0.872796
1485 0.872796
1486 0.872796
1487 0.872796
1488 0.872796
1489 0.872796
1490 0.872796
1491 0.872796
1492 0.872796
1493 0.872796
1494 0.872796
1495 0.872796
1496 0.872796
1497 0.872796
1498 0.872796
1499 0.872796
1500 0.872796
1501 0.872796
1502 0.872796
1503 0.872796
1504 0.872796
1505 0.872796
1506 0.872796
1507 0.872796
1508 0.785517
1509 0.785517
1510 0.785517
1511 0.785517
1512 0.785517
1513 0.785517
1514 0.785517
1515 0.785517
1516 0.785517
1517 0.785517
1518 0.785517
1519 0.785517
1520 0.785517
1521 0.785517
1522 0.785517
1523 0.785517
1524 0.785517
1525 0.785517
1526 0.785517
1527 0.785517
