# num spline points = 50
0.009034
0.0109236
0.0163958
0.0425067
0.00937471
0.0094176
0.0120544
0.01733
0.0423895
0.0157499
0.0142304
0.0175132
0.0329369
0.0216883
0.0120577
0.00951574
0.0131189
0.0148893
0.0143031
0.0160856
0.0171245
0.0089992
0.0233075
0.0116739
0.0120171
0.0127129
0.0242884
0.0162564
0.0113475
0.0120005
0.0121006
0.0481555
0.0185308
0.00984171
0.0099453
0.0107604
0.0122397
0.0143333
0.0219515
0.0372501
0.0121144
0.010058
0.0118777
0.0125112
0.0197911
0.0329113
0.00967557
0.0175588
0.0143375
0.00896451
