
# spline samples = 50
0.58494 0 0.58494
0.10207 1 0.51713
0.45354 1 0.35147
0.80501 1 0.35147
0.24297 2 0.43797
0.78873 2 0.54576
0.22096 3 0.43222
0.58147 3 0.36051
0.94198 3 0.36051
0.41031 4 0.46833
0.89932 4 0.48901
0.37265 5 0.47333
0.84192 5 0.46927
0.21608 6 0.37415
0.54191 6 0.32584
0.86775 6 0.32584
0.36835 7 0.5006
0.98835 7 0.61999
0.60414 8 0.6158
0.21744 9 0.6133
0.82639 9 0.60895
0.70351 10 0.87711
0.27413 12 1.5706
0.68269 13 1.4086
0.89253 14 1.2098
0.50332 16 1.6108
0.4364 17 0.93309
0.19907 18 0.76266
0.34371 19 1.1446
0.55985 20 1.2161
0.29727 21 0.73743
0.82796 21 0.53068
0.31554 22 0.48759
0.78246 22 0.46691
0.41114 23 0.62868
0.11758 24 0.70645
0.61785 24 0.50026
0.072467 25 0.45462
0.3794 25 0.30694
0.68634 25 0.30694
0.99327 25 0.30694
0.68704 26 0.69377
0.90474 27 1.2177
0.68591 28 0.78117
0.21494 29 0.52904
0.59283 29 0.37788
0.97071 29 0.37788
0.9972 30 1.0265
0.32093 32 1.3237
1 32 0.67907

# spline samples = 50
0.36198 0 0.36198
0.69341 0 0.33144
6.3993e-06 1 0.30659
0.34754 1 0.34754
0.31485 2 0.96731
0.65277 2 0.33792
0.9575 2 0.30473
0.25039 3 0.29289
0.6044 3 0.35401
0.62527 4 1.0209
0.14441 5 0.51914
0.57953 5 0.43512
0.99993 5 0.4204
0.61127 6 0.61135
0.065779 7 0.45451
0.45135 7 0.38557
0.86672 7 0.41537
0.3964 8 0.52968
0.91578 8 0.51938
0.40027 9 0.48448
0.0038735 10 0.60361
2.3967e-05 11 0.99615
8.9244e-06 12 0.99998
0.94653 13 1.9465
0.76145 14 0.81492
0.99995 15 1.2385
0.99949 16 0.99953
0.99997 17 1.0005
5.8676e-06 19 1
1.2459e-05 20 1
0.77336 20 0.77334
0.2736 21 0.50024
0.6121 22 1.3385
0.21582 23 0.60372
0.68799 23 0.47218
0.153 24 0.46501
0.52603 24 0.37303
0.84591 24 0.31988
0.13641 25 0.2905
0.51415 25 0.37773
0.30644 26 0.79229
0.93161 26 0.62518
0.9043 27 0.97269
0.60435 28 0.70004
0.99996 28 0.39561
0.43351 29 0.43355
0.2909 30 0.85739
0.34518 31 1.0543
0.46736 32 1.1222
1 32 0.53264
