# num points = 1528
0 135370
1 134947
2 134190
3 134177
4 134088
5 133731
6 133724
7 133717
8 133629
9 133531
10 133514
11 133401
12 133399
13 133257
14 133116
15 132964
16 132914
17 132771
18 132599
19 132532
20 132519
21 132508
22 132418
23 132276
24 132228
25 132222
26 132212
27 132130
28 132021
29 131901
30 131848
31 131770
32 130666
33 130538
34 130459
35 130431
36 130411
37 130244
38 130227
39 130191
40 130146
41 130143
42 129664
43 129659
44 129645
45 129426
46 129417
47 129366
48 129303
49 129216
50 129213
51 129187
52 129166
53 128848
54 128845
55 128782
56 128721
57 128427
58 128414
59 128406
60 128382
61 128362
62 128233
63 128231
64 128222
65 128020
66 127927
67 127845
68 127830
69 127814
70 127778
71 127759
72 126998
73 126985
74 126981
75 126975
76 126947
77 126673
78 126632
79 126624
80 126578
81 126524
82 126509
83 126440
84 126433
85 126379
86 126377
87 126341
88 126324
89 126316
90 126290
91 126278
92 126218
93 126217
94 126213
95 126213
96 126199
97 126189
98 126118
99 125939
100 125916
101 125861
102 125853
103 125802
104 125797
105 125789
106 125695
107 125695
108 125623
109 125608
110 125606
111 125560
112 125540
113 125535
114 125534
115 125473
116 125473
117 125469
118 125459
119 125425
120 125423
121 125411
122 125410
123 125410
124 125398
125 125398
126 125389
127 125385
128 125383
129 125358
130 125358
131 125357
132 125357
133 125352
134 125352
135 125346
136 125305
137 125301
138 125289
139 125174
140 125173
141 125156
142 125155
143 125130
144 125127
145 125125
146 125124
147 125124
148 125124
149 125120
150 125115
151 125054
152 125018
153 125014
154 125009
155 125003
156 124995
157 124980
158 124978
159 124958
160 124958
161 124957
162 124956
163 124938
164 124936
165 124933
166 124909
167 124898
168 124896
169 124891
170 124890
171 124867
172 124864
173 124863
174 124862
175 124861
176 124798
177 124798
178 124795
179 124793
180 124792
181 124740
182 124734
183 124724
184 124723
185 124714
186 124714
187 124709
188 124708
189 124701
190 124700
191 124697
192 124694
193 124692
194 124691
195 124624
196 124619
197 124619
198 124605
199 124604
200 124604
201 124602
202 124590
203 124587
204 124578
205 124549
206 124520
207 124519
208 124518
209 124517
210 124513
211 124513
212 124499
213 124499
214 124485
215 124480
216 124449
217 124449
218 124444
219 124439
220 124436
221 124436
222 124435
223 124431
224 124431
225 124430
226 124417
227 124395
228 124390
229 124387
230 124386
231 124383
232 124380
233 124379
234 124377
235 124375
236 124374
237 124371
238 124371
239 124371
240 124364
241 124364
242 124364
243 124364
244 124364
245 124362
246 124358
247 124356
248 124356
249 124356
250 124355
251 124353
252 124353
253 124352
254 124351
255 124345
256 124343
257 124341
258 124337
259 124336
260 124336
261 124336
262 124335
263 124335
264 124335
265 124333
266 124333
267 124333
268 124332
269 124330
270 124330
271 124330
272 124329
273 124328
274 124323
275 124323
276 124299
277 124299
278 124296
279 124291
280 124291
281 124291
282 124291
283 124291
284 124237
285 124237
286 124234
287 124230
288 123890
289 123885
290 123885
291 123885
292 123881
293 123819
294 123813
295 123778
296 123777
297 123773
298 123773
299 123724
300 123722
301 123711
302 123711
303 123707
304 123678
305 123677
306 123664
307 123661
308 123658
309 123657
310 123656
311 123656
312 123656
313 123651
314 123650
315 123650
316 123648
317 123648
318 123646
319 123645
320 123645
321 123645
322 123644
323 123643
324 123642
325 123639
326 123639
327 123639
328 123637
329 123636
330 123636
331 123636
332 123636
333 123636
334 123635
335 123635
336 123634
337 123634
338 123634
339 123634
340 123633
341 123633
342 123632
343 123632
344 123630
345 123629
346 123628
347 123626
348 123626
349 123626
350 123625
351 123625
352 123624
353 123624
354 123624
355 123624
356 123624
357 123624
358 123624
359 123623
360 123622
361 123621
362 123621
363 123621
364 123619
365 123619
366 123619
367 123619
368 123618
369 123618
370 123617
371 123617
372 123617
373 123616
374 123616
375 123616
376 123616
377 123616
378 123616
379 123616
380 123616
381 123615
382 123615
383 123615
384 123615
385 123615
386 123614
387 123613
388 123612
389 123612
390 123612
391 123612
392 123611
393 123611
394 123610
395 123610
396 123609
397 123609
398 123608
399 123608
400 123607
401 123607
402 123607
403 123607
404 123607
405 123607
406 123607
407 123607
408 123606
409 123606
410 123605
411 123605
412 123605
413 123604
414 123604
415 123604
416 123604
417 123603
418 123603
419 123603
420 123603
421 123602
422 123602
423 123601
424 123600
425 123600
426 123600
427 123600
428 123600
429 123599
430 123598
431 123598
432 123597
433 123597
434 123597
435 123597
436 123597
437 123596
438 123596
439 123594
440 123594
441 123594
442 123594
443 123593
444 123593
445 123593
446 123593
447 123592
448 123591
449 123591
450 123588
451 123588
452 123588
453 123587
454 123587
455 123587
456 123587
457 123587
458 123587
459 123586
460 123586
461 123586
462 123586
463 123585
464 123585
465 123584
466 123584
467 123584
468 123584
469 123583
470 123583
471 123583
472 123583
473 123583
474 123583
475 123583
476 123582
477 123582
478 123581
479 123581
480 123581
481 123581
482 123581
483 123581
484 123581
485 123581
486 123581
487 123581
488 123581
489 123581
490 123581
491 123581
492 123581
493 123581
494 123580
495 123580
496 123579
497 123579
498 123579
499 123579
500 123579
501 123579
502 123579
503 123579
504 123579
505 123579
506 123579
507 123579
508 123579
509 123578
510 123578
511 123578
512 123578
513 123578
514 123578
515 123577
516 123577
517 123577
518 123577
519 123577
520 123577
521 123577
522 123577
523 123577
524 123577
525 123576
526 123576
527 123576
528 123576
529 123576
530 123576
531 123576
532 123576
533 123576
534 123576
535 123575
536 123575
537 123575
538 123575
539 123575
540 123574
541 123573
542 123573
543 123573
544 123573
545 123573
546 123573
547 123573
548 123573
549 123573
550 123573
551 123573
552 123573
553 123573
554 123573
555 123573
556 123573
557 123572
558 123572
559 123572
560 123572
561 123572
562 123572
563 123572
564 123572
565 123572
566 123572
567 123571
568 123571
569 123571
570 123571
571 123571
572 123571
573 123571
574 123571
575 123570
576 123570
577 123567
578 123565
579 123565
580 123563
581 123561
582 123560
583 123559
584 123559
585 123558
586 123558
587 123556
588 123556
589 123556
590 123553
591 123553
592 123553
593 123552
594 123552
595 123552
596 123550
597 123549
598 123548
599 123548
600 123548
601 123548
602 123548
603 123548
604 123548
605 123548
606 123548
607 123548
608 123547
609 123547
610 123547
611 123547
612 123547
613 123546
614 123546
615 123546
616 123546
617 123545
618 123545
619 123545
620 123545
621 123545
622 123545
623 123544
624 123544
625 123544
626 123544
627 123544
628 123543
629 123543
630 123543
631 123543
632 123543
633 123543
634 123543
635 123541
636 123541
637 123541
638 123540
639 123540
640 123540
641 123540
642 123540
643 123540
644 123539
645 123539
646 123285
647 123093
648 123093
649 123064
650 123064
651 123064
652 123060
653 123038
654 123038
655 122949
656 122948
657 122913
658 122847
659 122847
660 122847
661 122834
662 122825
663 122810
664 122803
665 122802
666 122787
667 122786
668 122780
669 122736
670 122727
671 122727
672 122727
673 122727
674 122726
675 122726
676 122726
677 122725
678 122725
679 122725
680 122725
681 122725
682 122725
683 122725
684 122725
685 122725
686 122724
687 122724
688 122724
689 122724
690 122724
691 122724
692 122724
693 122724
694 122724
695 122724
696 122724
697 122724
698 122724
699 122724
700 122724
701 122724
702 122723
703 122723
704 122723
705 122723
706 122723
707 122723
708 122723
709 122723
710 122723
711 122723
712 122723
713 122723
714 122723
715 122723
716 122723
717 122723
718 122723
719 122723
720 122723
721 122723
722 122723
723 122723
724 122723
725 122723
726 122722
727 122722
728 122722
729 122722
730 122722
731 122722
732 122722
733 122722
734 122722
735 122722
736 122722
737 122722
738 122722
739 122722
740 122721
741 122721
742 122721
743 122721
744 122721
745 122721
746 122721
747 122721
748 122721
749 122721
750 122721
751 122721
752 122721
753 122721
754 122721
755 122721
756 122721
757 122721
758 122721
759 122721
760 122721
761 122721
762 122721
763 122721
764 122721
765 122721
766 122720
767 122720
768 122720
769 122720
770 122720
771 122720
772 122720
773 122720
774 122720
775 122720
776 122720
777 122720
778 122720
779 122720
780 122720
781 122720
782 122720
783 122720
784 122720
785 122720
786 122719
787 122719
788 122719
789 122719
790 122719
791 122719
792 122719
793 122719
794 122719
795 122719
796 122719
797 122719
798 122719
799 122719
800 122719
801 122719
802 122719
803 122719
804 122719
805 122718
806 122718
807 122718
808 122718
809 122718
810 122718
811 122718
812 122718
813 122718
814 122718
815 122718
816 122718
817 122718
818 122718
819 122718
820 122718
821 122718
822 122718
823 122718
824 122718
825 122718
826 122718
827 122718
828 122718
829 122718
830 122718
831 122718
832 122718
833 122718
834 122717
835 122717
836 122717
837 122717
838 122717
839 122717
840 122717
841 122717
842 122717
843 122717
844 122717
845 122717
846 122717
847 122717
848 122717
849 122717
850 122717
851 122717
852 122717
853 122717
854 122717
855 122717
856 122717
857 122717
858 122717
859 122717
860 122717
861 122717
862 122716
863 122716
864 122716
865 122716
866 122716
867 122716
868 122716
869 122716
870 122716
871 122716
872 122716
873 122716
874 122716
875 122716
876 122716
877 122716
878 122716
879 122716
880 122716
881 122716
882 122716
883 122716
884 122716
885 122716
886 122716
887 122716
888 122716
889 122716
890 122716
891 122716
892 122716
893 122716
894 122716
895 122716
896 122716
897 122716
898 122716
899 122716
900 122716
901 122716
902 122715
903 122715
904 122715
905 122715
906 122715
907 122715
908 122715
909 122715
910 122715
911 122715
912 122715
913 122715
914 122715
915 122715
916 122715
917 122715
918 122715
919 122715
920 122715
921 122715
922 122715
923 122715
924 122715
925 122715
926 122715
927 122715
928 122715
929 122715
930 122715
931 122715
932 122715
933 122715
934 122715
935 122715
936 122715
937 122715
938 122715
939 122715
940 122715
941 122715
942 122715
943 122715
944 122715
945 122715
946 122715
947 122715
948 122715
949 122715
950 122715
951 122714
952 122714
953 122714
954 122714
955 122714
956 122714
957 122714
958 122714
959 122714
960 122714
961 122714
962 122714
963 122714
964 122714
965 122714
966 122714
967 122714
968 122714
969 122714
970 122714
971 122714
972 122714
973 122714
974 122714
975 122714
976 122714
977 122714
978 122714
979 122714
980 122714
981 122714
982 122714
983 122714
984 122714
985 122714
986 122714
987 122714
988 122714
989 122714
990 122714
991 122714
992 122714
993 122714
994 122714
995 122714
996 122714
997 122714
998 122714
999 122714
1000 122714
1001 122714
1002 122714
1003 122714
1004 122714
1005 122714
1006 122714
1007 122714
1008 122714
1009 122713
1010 122713
1011 122713
1012 122713
1013 122713
1014 122713
1015 122713
1016 122713
1017 122713
1018 122713
1019 122713
1020 122713
1021 122713
1022 122713
1023 122713
1024 122713
1025 122713
1026 122713
1027 122713
1028 122713
1029 122713
1030 122713
1031 122713
1032 122713
1033 122713
1034 122713
1035 122713
1036 122713
1037 122713
1038 122713
1039 122713
1040 122713
1041 122713
1042 122713
1043 122713
1044 122713
1045 122713
1046 122713
1047 122713
1048 122713
1049 122713
1050 122713
1051 122713
1052 122713
1053 122713
1054 122713
1055 122713
1056 122713
1057 122713
1058 122713
1059 122713
1060 122713
1061 122713
1062 122713
1063 122713
1064 122713
1065 122713
1066 122713
1067 122713
1068 122713
1069 122713
1070 122713
1071 122713
1072 122713
1073 122713
1074 122713
1075 122713
1076 122713
1077 122711
1078 122710
1079 122707
1080 122706
1081 122704
1082 122702
1083 122670
1084 122652
1085 122652
1086 122651
1087 122649
1088 122639
1089 122636
1090 122634
1091 122631
1092 122629
1093 122627
1094 122626
1095 122623
1096 122623
1097 122623
1098 122616
1099 122614
1100 122613
1101 122613
1102 122612
1103 122612
1104 122607
1105 122606
1106 122606
1107 122606
1108 122599
1109 122592
1110 122590
1111 122584
1112 122583
1113 122573
1114 122572
1115 122570
1116 122569
1117 122568
1118 122567
1119 122561
1120 122543
1121 122534
1122 122519
1123 122517
1124 122517
1125 122511
1126 122511
1127 122511
1128 122511
1129 122508
1130 122508
1131 122503
1132 122497
1133 122496
1134 122494
1135 122491
1136 122490
1137 122490
1138 122489
1139 122485
1140 122485
1141 122482
1142 122482
1143 122469
1144 122466
1145 122465
1146 122465
1147 122463
1148 122462
1149 122461
1150 122461
1151 122460
1152 122459
1153 122458
1154 122458
1155 122457
1156 122456
1157 122453
1158 122453
1159 122452
1160 122451
1161 122451
1162 122450
1163 122450
1164 122450
1165 122450
1166 122449
1167 122449
1168 122449
1169 122449
1170 122448
1171 122447
1172 122447
1173 122447
1174 122446
1175 122446
1176 122446
1177 122445
1178 122445
1179 122445
1180 122445
1181 122444
1182 122444
1183 122444
1184 122443
1185 122442
1186 122442
1187 122441
1188 122441
1189 122441
1190 122440
1191 122440
1192 122440
1193 122440
1194 122440
1195 122439
1196 122439
1197 122439
1198 122439
1199 122439
1200 122439
1201 122439
1202 122439
1203 122439
1204 122439
1205 122439
1206 122438
1207 122438
1208 122438
1209 122438
1210 122438
1211 122438
1212 122438
1213 122437
1214 122437
1215 122437
1216 122437
1217 122437
1218 122437
1219 122436
1220 122436
1221 122436
1222 122436
1223 122436
1224 122436
1225 122436
1226 122436
1227 122435
1228 122435
1229 122435
1230 122435
1231 122435
1232 122435
1233 122435
1234 122435
1235 122435
1236 122435
1237 122435
1238 122435
1239 122435
1240 122435
1241 122435
1242 122435
1243 122435
1244 122435
1245 122435
1246 122435
1247 122435
1248 122435
1249 122434
1250 122434
1251 122434
1252 122434
1253 122434
1254 122434
1255 122434
1256 122434
1257 122434
1258 122434
1259 122434
1260 122434
1261 122434
1262 122434
1263 122434
1264 122434
1265 122434
1266 122434
1267 122434
1268 122434
1269 122434
1270 122434
1271 122434
1272 122434
1273 122434
1274 122434
1275 122434
1276 122434
1277 122434
1278 122434
1279 122434
1280 122434
1281 122434
1282 122434
1283 122434
1284 122434
1285 122434
1286 122434
1287 122434
1288 122434
1289 122434
1290 122434
1291 122433
1292 122433
1293 122433
1294 122433
1295 122433
1296 122433
1297 122433
1298 122433
1299 122433
1300 122433
1301 122433
1302 122433
1303 122433
1304 122433
1305 122433
1306 122433
1307 122433
1308 122433
1309 122433
1310 122433
1311 122433
1312 122433
1313 122433
1314 122433
1315 122433
1316 122433
1317 122433
1318 122433
1319 122433
1320 122433
1321 122433
1322 122433
1323 122433
1324 122433
1325 122433
1326 122433
1327 122433
1328 122433
1329 122433
1330 122433
1331 122433
1332 122433
1333 122433
1334 122433
1335 122433
1336 122433
1337 122433
1338 122433
1339 122433
1340 122433
1341 122433
1342 122433
1343 122433
1344 122433
1345 122433
1346 122433
1347 122433
1348 122433
1349 122433
1350 122433
1351 122433
1352 122433
1353 122433
1354 122433
1355 122433
1356 122433
1357 122433
1358 122433
1359 122433
1360 122433
1361 122433
1362 122433
1363 122433
1364 122433
1365 122433
1366 122433
1367 122433
1368 122433
1369 122433
1370 122433
1371 122433
1372 122433
1373 122433
1374 122433
1375 122433
1376 122433
1377 122433
1378 122433
1379 122433
1380 122433
1381 122433
1382 122433
1383 122433
1384 122433
1385 122433
1386 122433
1387 122433
1388 122433
1389 122433
1390 122433
1391 122433
1392 122433
1393 122433
1394 122433
1395 122433
1396 122433
1397 122433
1398 122433
1399 122433
1400 122433
1401 122432
1402 122432
1403 122432
1404 122432
1405 122432
1406 122432
1407 122432
1408 122432
1409 122432
1410 122432
1411 122432
1412 122432
1413 122432
1414 122432
1415 122432
1416 122432
1417 122432
1418 122432
1419 122432
1420 122432
1421 122432
1422 122432
1423 122432
1424 122432
1425 122432
1426 122432
1427 122432
1428 122432
1429 122432
1430 122432
1431 122432
1432 122432
1433 122432
1434 122432
1435 122432
1436 122432
1437 122432
1438 122432
1439 122432
1440 122432
1441 122432
1442 122432
1443 122432
1444 122432
1445 122432
1446 122432
1447 122432
1448 122432
1449 122432
1450 122432
1451 122432
1452 122432
1453 122432
1454 122432
1455 122432
1456 122432
1457 122432
1458 122432
1459 122432
1460 122432
1461 122432
1462 122432
1463 122432
1464 122432
1465 122432
1466 122432
1467 122432
1468 122432
1469 122432
1470 122432
1471 122432
1472 122432
1473 122432
1474 122432
1475 122432
1476 122432
1477 122432
1478 122432
1479 122432
1480 122432
1481 122432
1482 122432
1483 122432
1484 122432
1485 122432
1486 122432
1487 122432
1488 122432
1489 122432
1490 122432
1491 122432
1492 122432
1493 122432
1494 122432
1495 122432
1496 122432
1497 122432
1498 122432
1499 122432
1500 122432
1501 122432
1502 122432
1503 122432
1504 122432
1505 122432
1506 122432
1507 122432
1508 122432
1509 122432
1510 122432
1511 122432
1512 122432
1513 122432
1514 122432
1515 122432
1516 122432
1517 122432
1518 122432
1519 122432
1520 122432
1521 122432
1522 122432
1523 122432
1524 122432
1525 122432
1526 122432
1527 122432
