# num spline points = 50
5.20037 3.0689  -3.14979
5.20726 3.06306 -1.60834    
5.21674 3.05761 -0.402416   
5.23168 3.05088 2.65314     
5.27116 3.03511 -1.33847    
5.28007 3.03221 -2.69547    
5.28935 3.03059 -1.25801    
5.30137 3.02971 -0.205719   
5.3187 3.02927  1.61238
5.36109 3.02949 -1.01841    
5.37676 3.03105 -2.04506    
5.39061 3.0343  -2.24705
5.40706 3.04032 -1.6664     
5.43684 3.05439 -0.957375   
5.45562 3.06523 -0.917234   
5.46502 3.07278 -1.54553    
5.47026 3.08073 -3.252      
5.47365 3.0934  -3.1066
5.47454 3.10826 -2.51301    
5.4729 3.12247  -2.33652
5.46883 3.13803 -2.09108    
5.46268 3.15402 -1.6997     
5.4602 3.16267  -3.32674
5.44895 3.18308 -3.5272     
5.43955 3.19    -3.44243
5.42807 3.19357 -2.98239    
5.41696 3.19974 -1.97281    
5.39347 3.20592 -1.95026    
5.3774 3.2084   -3.56566
5.36751 3.21396 -3.09607    
5.35669 3.21915 -2.04921    
5.34733 3.22682 0.508937    
5.31401 3.26158 -0.821152   
5.29998 3.27368 -1.57767    
5.29108 3.27789 -3.65881    
5.28113 3.27771 -3.47824    
5.27104 3.27397 -2.94522    
5.26096 3.26703 -2.09591    
5.25078 3.25694 -1.27289    
5.2371 3.23978  -0.795956
5.21636 3.20883 -0.642547   
5.21083 3.19806 -3.01037    
5.20795 3.18842 -3.85199    
5.20235 3.17794 -2.39037    
5.19758 3.16638 -1.19498    
5.19186 3.14743 -0.529062   
5.18425 3.11541 -0.908471   
5.18345 3.10577 -0.290359   
5.18891 3.08908 -1.78245    
5.19511 3.07615 -2.77878
